2014-11-09T20:41:28+00:00 ERR (3): 
exception 'Zend_Mail_Protocol_Exception' with message '5.7.8 Username and Password not accepted. Learn more at
 5.7.8 http://support.google.com/mail/bin/answer.py?answer=14257 mn4sm4816760lbb.4 - gsmtp
' in /Applications/MAMP/htdocs/rullamo/lib/Zend/Mail/Protocol/Abstract.php:431
Stack trace:
#0 /Applications/MAMP/htdocs/rullamo/lib/Zend/Mail/Protocol/Smtp/Auth/Login.php(95): Zend_Mail_Protocol_Abstract->_expect(235)
#1 /Applications/MAMP/htdocs/rullamo/lib/Zend/Mail/Protocol/Smtp.php(217): Zend_Mail_Protocol_Smtp_Auth_Login->auth()
#2 /Applications/MAMP/htdocs/rullamo/lib/Zend/Mail/Transport/Smtp.php(200): Zend_Mail_Protocol_Smtp->helo('localhost')
#3 /Applications/MAMP/htdocs/rullamo/lib/Zend/Mail/Transport/Abstract.php(348): Zend_Mail_Transport_Smtp->_sendMail()
#4 /Applications/MAMP/htdocs/rullamo/lib/Zend/Mail.php(1194): Zend_Mail_Transport_Abstract->send(Object(Zend_Mail))
#5 /Applications/MAMP/htdocs/rullamo/app/code/community/Aschroder/SMTPPro/Model/Email/Template.php(107): Zend_Mail->send(Object(Zend_Mail_Transport_Smtp))
#6 /Applications/MAMP/htdocs/rullamo/app/code/core/Mage/Core/Model/Email/Template.php(506): Aschroder_SMTPPro_Model_Email_Template->send(Array, Array, Array)
#7 /Applications/MAMP/htdocs/rullamo/app/code/core/Mage/Core/Model/Email/Template/Mailer.php(79): Mage_Core_Model_Email_Template->sendTransactional('customer_create...', 'general', Array, Array, Array, '1')
#8 /Applications/MAMP/htdocs/rullamo/app/code/core/Mage/Customer/Model/Customer.php(676): Mage_Core_Model_Email_Template_Mailer->send()
#9 /Applications/MAMP/htdocs/rullamo/app/code/core/Mage/Customer/Model/Customer.php(603): Mage_Customer_Model_Customer->_sendEmailTemplate('customer/create...', 'customer/create...', Array, '1')
#10 /Applications/MAMP/htdocs/rullamo/app/code/core/Mage/Customer/controllers/AccountController.php(551): Mage_Customer_Model_Customer->sendNewAccountEmail('registered', '', '1')
#11 /Applications/MAMP/htdocs/rullamo/app/code/core/Mage/Customer/controllers/AccountController.php(337): Mage_Customer_AccountController->_welcomeCustomer(Object(Mage_Customer_Model_Customer))
#12 /Applications/MAMP/htdocs/rullamo/app/code/core/Mage/Customer/controllers/AccountController.php(288): Mage_Customer_AccountController->_successProcessRegistration(Object(Mage_Customer_Model_Customer))
#13 /Applications/MAMP/htdocs/rullamo/app/code/core/Mage/Core/Controller/Varien/Action.php(418): Mage_Customer_AccountController->createPostAction()
#14 /Applications/MAMP/htdocs/rullamo/app/code/core/Mage/Core/Controller/Varien/Router/Standard.php(250): Mage_Core_Controller_Varien_Action->dispatch('createpost')
#15 /Applications/MAMP/htdocs/rullamo/app/code/core/Mage/Core/Controller/Varien/Front.php(172): Mage_Core_Controller_Varien_Router_Standard->match(Object(Mage_Core_Controller_Request_Http))
#16 /Applications/MAMP/htdocs/rullamo/app/code/core/Mage/Core/Model/App.php(354): Mage_Core_Controller_Varien_Front->dispatch()
#17 /Applications/MAMP/htdocs/rullamo/app/Mage.php(689): Mage_Core_Model_App->run(Array)
#18 /Applications/MAMP/htdocs/rullamo/index.php(101): Mage::run('', 'store')
#19 {main}
2014-11-09T22:16:16+00:00 ERR (3): 
exception 'Zend_Mail_Protocol_Exception' with message '5.7.8 Username and Password not accepted. Learn more at
 5.7.8 http://support.google.com/mail/bin/answer.py?answer=14257 xs6sm4859277lbb.13 - gsmtp
' in /Applications/MAMP/htdocs/rullamo/lib/Zend/Mail/Protocol/Abstract.php:431
Stack trace:
#0 /Applications/MAMP/htdocs/rullamo/lib/Zend/Mail/Protocol/Smtp/Auth/Login.php(95): Zend_Mail_Protocol_Abstract->_expect(235)
#1 /Applications/MAMP/htdocs/rullamo/lib/Zend/Mail/Protocol/Smtp.php(217): Zend_Mail_Protocol_Smtp_Auth_Login->auth()
#2 /Applications/MAMP/htdocs/rullamo/lib/Zend/Mail/Transport/Smtp.php(200): Zend_Mail_Protocol_Smtp->helo('localhost')
#3 /Applications/MAMP/htdocs/rullamo/lib/Zend/Mail/Transport/Abstract.php(348): Zend_Mail_Transport_Smtp->_sendMail()
#4 /Applications/MAMP/htdocs/rullamo/lib/Zend/Mail.php(1194): Zend_Mail_Transport_Abstract->send(Object(Zend_Mail))
#5 /Applications/MAMP/htdocs/rullamo/app/code/community/Aschroder/SMTPPro/Model/Email/Template.php(107): Zend_Mail->send(Object(Zend_Mail_Transport_Smtp))
#6 /Applications/MAMP/htdocs/rullamo/app/code/core/Mage/Core/Model/Email/Template.php(506): Aschroder_SMTPPro_Model_Email_Template->send(Array, Array, Array)
#7 /Applications/MAMP/htdocs/rullamo/app/code/core/Mage/Core/Model/Email/Template/Mailer.php(79): Mage_Core_Model_Email_Template->sendTransactional('sales_email_ord...', 'sales', Array, Array, Array, '1')
#8 /Applications/MAMP/htdocs/rullamo/app/code/core/Mage/Sales/Model/Order.php(1338): Mage_Core_Model_Email_Template_Mailer->send()
#9 /Applications/MAMP/htdocs/rullamo/app/code/local/IWD/OnepageCheckout/Model/Type/Geo.php(708): Mage_Sales_Model_Order->sendNewOrderEmail()
#10 /Applications/MAMP/htdocs/rullamo/app/code/local/IWD/OnepageCheckout/controllers/IndexController.php(514): IWD_OnepageCheckout_Model_Type_Geo->saveOrder()
#11 /Applications/MAMP/htdocs/rullamo/app/code/core/Mage/Core/Controller/Varien/Action.php(418): IWD_OnepageCheckout_IndexController->saveOrderAction()
#12 /Applications/MAMP/htdocs/rullamo/app/code/core/Mage/Core/Controller/Varien/Router/Standard.php(250): Mage_Core_Controller_Varien_Action->dispatch('saveOrder')
#13 /Applications/MAMP/htdocs/rullamo/app/code/core/Mage/Core/Controller/Varien/Front.php(172): Mage_Core_Controller_Varien_Router_Standard->match(Object(Mage_Core_Controller_Request_Http))
#14 /Applications/MAMP/htdocs/rullamo/app/code/core/Mage/Core/Model/App.php(354): Mage_Core_Controller_Varien_Front->dispatch()
#15 /Applications/MAMP/htdocs/rullamo/app/Mage.php(689): Mage_Core_Model_App->run(Array)
#16 /Applications/MAMP/htdocs/rullamo/index.php(101): Mage::run('', 'store')
#17 {main}
2014-11-09T22:26:54+00:00 ERR (3): 
exception 'Zend_Mail_Protocol_Exception' with message '5.7.8 Username and Password not accepted. Learn more at
 5.7.8 http://support.google.com/mail/bin/answer.py?answer=14257 ba1sm4860980lbb.24 - gsmtp
' in /Applications/MAMP/htdocs/rullamo/lib/Zend/Mail/Protocol/Abstract.php:431
Stack trace:
#0 /Applications/MAMP/htdocs/rullamo/lib/Zend/Mail/Protocol/Smtp/Auth/Login.php(95): Zend_Mail_Protocol_Abstract->_expect(235)
#1 /Applications/MAMP/htdocs/rullamo/lib/Zend/Mail/Protocol/Smtp.php(217): Zend_Mail_Protocol_Smtp_Auth_Login->auth()
#2 /Applications/MAMP/htdocs/rullamo/lib/Zend/Mail/Transport/Smtp.php(200): Zend_Mail_Protocol_Smtp->helo('localhost')
#3 /Applications/MAMP/htdocs/rullamo/lib/Zend/Mail/Transport/Abstract.php(348): Zend_Mail_Transport_Smtp->_sendMail()
#4 /Applications/MAMP/htdocs/rullamo/lib/Zend/Mail.php(1194): Zend_Mail_Transport_Abstract->send(Object(Zend_Mail))
#5 /Applications/MAMP/htdocs/rullamo/app/code/community/Aschroder/SMTPPro/Model/Email/Template.php(107): Zend_Mail->send(Object(Zend_Mail_Transport_Smtp))
#6 /Applications/MAMP/htdocs/rullamo/app/code/core/Mage/Core/Model/Email/Template.php(506): Aschroder_SMTPPro_Model_Email_Template->send(Array, Array, Array)
#7 /Applications/MAMP/htdocs/rullamo/app/code/core/Mage/Core/Model/Email/Template/Mailer.php(79): Mage_Core_Model_Email_Template->sendTransactional('sales_email_ord...', 'sales', Array, Array, Array, '1')
#8 /Applications/MAMP/htdocs/rullamo/app/code/core/Mage/Sales/Model/Order.php(1338): Mage_Core_Model_Email_Template_Mailer->send()
#9 /Applications/MAMP/htdocs/rullamo/app/code/local/IWD/OnepageCheckout/Model/Type/Geo.php(708): Mage_Sales_Model_Order->sendNewOrderEmail()
#10 /Applications/MAMP/htdocs/rullamo/app/code/local/IWD/OnepageCheckout/controllers/IndexController.php(514): IWD_OnepageCheckout_Model_Type_Geo->saveOrder()
#11 /Applications/MAMP/htdocs/rullamo/app/code/core/Mage/Core/Controller/Varien/Action.php(418): IWD_OnepageCheckout_IndexController->saveOrderAction()
#12 /Applications/MAMP/htdocs/rullamo/app/code/core/Mage/Core/Controller/Varien/Router/Standard.php(250): Mage_Core_Controller_Varien_Action->dispatch('saveOrder')
#13 /Applications/MAMP/htdocs/rullamo/app/code/core/Mage/Core/Controller/Varien/Front.php(172): Mage_Core_Controller_Varien_Router_Standard->match(Object(Mage_Core_Controller_Request_Http))
#14 /Applications/MAMP/htdocs/rullamo/app/code/core/Mage/Core/Model/App.php(354): Mage_Core_Controller_Varien_Front->dispatch()
#15 /Applications/MAMP/htdocs/rullamo/app/Mage.php(689): Mage_Core_Model_App->run(Array)
#16 /Applications/MAMP/htdocs/rullamo/index.php(101): Mage::run('', 'store')
#17 {main}
