2014-11-04T12:00:28+00:00 DEBUG (7): UPDATE: SELECT DISTINCT `target`.`id`, `target`.`code`, `target`.`type`, `target`.`default_mask0`, `target`.`default_mask1`, `eav_attribute_additional`.`is_filterable` AS `is_enabled`, `eav_attribute`.`frontend_label` AS `name`, `eav_attribute_additional`.`is_filterable_in_search` AS `is_enabled_in_search`, `eav_attribute_additional`.`position` FROM `eav_attribute`
 INNER JOIN `catalog_eav_attribute` AS `eav_attribute_additional` ON eav_attribute.attribute_id = eav_attribute_additional.attribute_id
 INNER JOIN `eav_entity_type` ON eav_attribute.entity_type_id = eav_entity_type.entity_type_id
 INNER JOIN `m_filter2` AS `target` ON target.code = eav_attribute.attribute_code WHERE (eav_entity_type.entity_type_code = 'catalog_product') AND (eav_attribute_additional.is_filterable <> 0)
2014-11-04T12:00:28+00:00 DEBUG (7): UPDATE: {"id":"1","code":"color","type":"attribute","_m_prevent_replication":true,"is_enabled":"1","display":"slider","name":"Color","is_enabled_in_search":"0","position":"0","sort_method":"","slider_number_format":"$0","range_step":0}
2014-11-04T12:00:28+00:00 DEBUG (7): UPDATE: {"id":"6","code":"manufacturer","type":"attribute","_m_prevent_replication":true,"is_enabled":"1","display":"slider","name":"Manufacturer","is_enabled_in_search":"0","position":"0","sort_method":"","slider_number_format":"$0","range_step":0}
2014-11-04T12:00:28+00:00 DEBUG (7): UPDATE: {"id":"7","code":"price","type":"price","_m_prevent_replication":true,"is_enabled":"1","display":"slider","name":"\u0426\u0435\u043d\u0430","is_enabled_in_search":"0","position":"0","sort_method":"","slider_number_format":"$0","range_step":0}
2014-11-04T12:00:28+00:00 DEBUG (7): UPDATE: {"id":"10","code":"diametr_test","type":"decimal","_m_prevent_replication":true,"position":"0","sort_method":"","range_step":0}
2014-11-04T12:00:28+00:00 DEBUG (7): UPDATE: {"id":"11","code":"high_test","type":"decimal","_m_prevent_replication":true,"position":"0","sort_method":"","range_step":0}
2014-11-04T12:00:28+00:00 DEBUG (7): UPDATE: {"id":"12","code":"length_test","type":"decimal","_m_prevent_replication":true,"is_enabled":"1","display":"slider","name":"\u0414\u043b\u0438\u043d\u0430","is_enabled_in_search":"1","position":"0","sort_method":"","range_step":0}
2014-11-04T12:00:28+00:00 DEBUG (7): UPDATE: {"id":"13","code":"width_test","type":"decimal","_m_prevent_replication":true,"is_enabled":"1","display":"slider","name":"\u0428\u0438\u0440\u0438\u043d\u0430","is_enabled_in_search":"1","position":"0","sort_method":"","range_step":0}
2014-11-04T12:00:28+00:00 DEBUG (7): UPDATE: {"id":"14","code":"chlorgen","type":"attribute","_m_prevent_replication":true,"position":"0","sort_method":"","range_step":0}
2014-11-04T12:00:28+00:00 DEBUG (7): UPDATE: {"id":"15","code":"filter_yesno","type":"attribute","_m_prevent_replication":true,"position":"0","sort_method":"","range_step":0}
2014-11-04T12:00:28+00:00 DEBUG (7): UPDATE: {"id":"16","code":"vozrast","type":"attribute","_m_prevent_replication":true,"position":"0","sort_method":"","range_step":0}
2014-11-04T12:00:28+00:00 DEBUG (7): UPDATE: SELECT `target`.`id`, `target`.`code`, `target`.`type`, `target`.`default_mask0`, `target`.`default_mask1`, (1) AS `is_enabled`, ('Category') AS `name`, (1) AS `is_enabled_in_search`, (-1) AS `position` FROM `m_filter2` AS `target` WHERE (target.code = 'category')
2014-11-04T12:00:28+00:00 DEBUG (7): UPDATE: {"id":"9","code":"category","type":"category","_m_prevent_replication":true,"is_enabled":"1","display":"standard","name":"Category","is_enabled_in_search":"1","position":"-1","sort_method":"","slider_number_format":"$0","range_step":0}
2014-11-04T12:00:28+00:00 DEBUG (7): INSERT: SELECT DISTINCT `eav_attribute`.`attribute_code` AS `code`, IF(eav_attribute.attribute_code = 'category', 'category', IF(eav_attribute.attribute_code = 'price', 'price', IF(eav_attribute.backend_type = 'decimal', 'decimal', 'attribute'))) AS `type`, `eav_attribute_additional`.`is_filterable` AS `is_enabled`, `eav_attribute`.`frontend_label` AS `name`, `eav_attribute_additional`.`is_filterable_in_search` AS `is_enabled_in_search`, `eav_attribute_additional`.`position` FROM `eav_attribute`
 INNER JOIN `catalog_eav_attribute` AS `eav_attribute_additional` ON eav_attribute.attribute_id = eav_attribute_additional.attribute_id
 INNER JOIN `eav_entity_type` ON eav_attribute.entity_type_id = eav_entity_type.entity_type_id
 LEFT JOIN `m_filter2` AS `target` ON target.code = eav_attribute.attribute_code WHERE (eav_entity_type.entity_type_code = 'catalog_product') AND (eav_attribute_additional.is_filterable <> 0) AND (target.id IS NULL)
2014-11-04T12:00:28+00:00 DEBUG (7): INSERT: SELECT ('category') AS `code`, ('category') AS `type`, (1) AS `is_enabled`, ('Category') AS `name`, (1) AS `is_enabled_in_search`, (-1) AS `position` FROM (SELECT ('category') AS `code`) AS `source`
 LEFT JOIN `m_filter2` AS `target` ON target.code = 'category' WHERE (target.id IS NULL)
2014-11-04T12:00:28+00:00 DEBUG (7): DELETE: SELECT DISTINCT `target`.`id` FROM `m_filter2` AS `target`
 LEFT JOIN `eav_attribute` ON target.code = eav_attribute.attribute_code
 LEFT JOIN `catalog_eav_attribute` AS `eav_attribute_additional` ON eav_attribute.attribute_id = eav_attribute_additional.attribute_id WHERE ((eav_attribute.attribute_id IS NULL) OR (eav_attribute_additional.is_filterable = 0)) AND (target.code <> 'category')
2014-11-04T12:00:28+00:00 DEBUG (7): UPDATE: SELECT DISTINCT `target`.`id`, `target`.`global_id`, `target`.`store_id`, `target`.`default_mask0`, `target`.`default_mask1`, `global`.`is_enabled`, `global`.`display`, COALESCE(eav_attribute_label.value, global.name) AS `name`, `global`.`is_enabled_in_search`, `global`.`position`, `global`.`sort_method`, `global`.`operation`, `global`.`is_reverse`, `global`.`slider_number_format`, `global`.`slider_manual_entry`, `global`.`slider_number_format2`, `global`.`slider_threshold`, `global`.`slider_use_existing_values`, `global`.`slider_decimal_digits`, `global`.`slider_decimal_digits2`, `global`.`range_step`, `global`.`thousand_separator` FROM `m_filter2` AS `global`
 INNER JOIN `m_filter2_store` AS `target` ON target.global_id = global.id
 LEFT JOIN `eav_attribute` ON global.code = eav_attribute.attribute_code
 LEFT JOIN `eav_attribute_label` ON eav_attribute.attribute_id = eav_attribute_label.attribute_id AND target.store_id = eav_attribute_label.store_id
2014-11-04T12:00:28+00:00 DEBUG (7): UPDATE: {"id":"1","global_id":"1","store_id":"1","_m_prevent_replication":true,"is_enabled":"1","display":"slider","name":"Color","is_enabled_in_search":"0","position":"0","sort_method":"","operation":"","is_reverse":"0","slider_number_format":"$0","slider_manual_entry":"0","slider_number_format2":"0","slider_threshold":null,"slider_use_existing_values":"0","slider_decimal_digits":"0","slider_decimal_digits2":"0","range_step":"0.0000","thousand_separator":"0"}
2014-11-04T12:00:28+00:00 DEBUG (7): UPDATE: {"id":"6","global_id":"6","store_id":"1","_m_prevent_replication":true,"is_enabled":"1","display":"slider","name":"Manufacturer","is_enabled_in_search":"0","position":"0","sort_method":"","operation":"","is_reverse":"0","slider_number_format":"$0","slider_manual_entry":"0","slider_number_format2":"0","slider_threshold":null,"slider_use_existing_values":"0","slider_decimal_digits":"0","slider_decimal_digits2":"0","range_step":"0.0000","thousand_separator":"0"}
2014-11-04T12:00:28+00:00 DEBUG (7): UPDATE: {"id":"7","global_id":"7","store_id":"1","_m_prevent_replication":true,"is_enabled":"1","display":"slider","name":"\u0426\u0435\u043d\u0430","is_enabled_in_search":"0","position":"0","sort_method":"","operation":"","is_reverse":"0","slider_number_format":"$0","slider_manual_entry":"1","slider_number_format2":"0","slider_threshold":"0","slider_use_existing_values":"0","slider_decimal_digits":"0","slider_decimal_digits2":"0","range_step":"0.0000","thousand_separator":"0"}
2014-11-04T12:00:28+00:00 DEBUG (7): UPDATE: {"id":"9","global_id":"9","store_id":"1","_m_prevent_replication":true,"is_enabled":"1","display":"standard","name":"Category","is_enabled_in_search":"1","position":"-1","sort_method":"","operation":"","is_reverse":"0","slider_number_format":"$0","slider_manual_entry":"0","slider_number_format2":"0","slider_threshold":null,"slider_use_existing_values":"0","slider_decimal_digits":"0","slider_decimal_digits2":"0","range_step":"0.0000","thousand_separator":"0"}
2014-11-04T12:00:28+00:00 DEBUG (7): UPDATE: {"id":"10","global_id":"10","store_id":"1","_m_prevent_replication":true,"is_enabled":"1","display":"slider","name":"\u0414\u0438\u0430\u043c\u0435\u0442\u0440","is_enabled_in_search":"1","position":"0","sort_method":"","operation":"","is_reverse":"1","slider_number_format":"0 \u0441\u043c.","slider_manual_entry":"1","slider_number_format2":"0","slider_threshold":"0","slider_use_existing_values":"1","slider_decimal_digits":"0","slider_decimal_digits2":"0","range_step":"0.0000","thousand_separator":"0"}
2014-11-04T12:00:28+00:00 DEBUG (7): UPDATE: {"id":"11","global_id":"11","store_id":"1","_m_prevent_replication":true,"is_enabled":"1","display":"slider","name":"\u0412\u044b\u0441\u043e\u0442\u0430","is_enabled_in_search":"1","position":"0","sort_method":"","operation":"","is_reverse":"0","slider_number_format":"0 \u0441\u043c.","slider_manual_entry":"1","slider_number_format2":"0","slider_threshold":"0","slider_use_existing_values":"1","slider_decimal_digits":"0","slider_decimal_digits2":"0","range_step":"0.0000","thousand_separator":"0"}
2014-11-04T12:00:28+00:00 DEBUG (7): UPDATE: {"id":"12","global_id":"12","store_id":"1","_m_prevent_replication":true,"is_enabled":"1","display":"slider","name":"\u0414\u043b\u0438\u043d\u0430","is_enabled_in_search":"1","position":"0","sort_method":"","operation":"","is_reverse":"0","slider_number_format":"0 \u0441\u043c.","slider_manual_entry":"1","slider_number_format2":"0","slider_threshold":"0","slider_use_existing_values":"0","slider_decimal_digits":"0","slider_decimal_digits2":"0","range_step":"0.0000","thousand_separator":"0"}
2014-11-04T12:00:28+00:00 DEBUG (7): UPDATE: {"id":"13","global_id":"13","store_id":"1","_m_prevent_replication":true,"is_enabled":"1","display":"slider","name":"\u0428\u0438\u0440\u0438\u043d\u0430","is_enabled_in_search":"1","position":"0","sort_method":"","operation":"","is_reverse":"0","slider_number_format":"0 \u0441\u043c.","slider_manual_entry":"1","slider_number_format2":"0","slider_threshold":"0","slider_use_existing_values":"0","slider_decimal_digits":"0","slider_decimal_digits2":"0","range_step":"0.0000","thousand_separator":"0"}
2014-11-04T12:00:28+00:00 DEBUG (7): UPDATE: {"id":"14","global_id":"14","store_id":"1","_m_prevent_replication":true,"is_enabled":"1","display":"list","name":"\u0425\u043b\u043e\u0440\u0433\u0435\u043d\u0435\u0440\u0430\u0442\u043e\u0440","is_enabled_in_search":"1","position":"0","sort_method":"","operation":"","is_reverse":"0","slider_number_format":"$0","slider_manual_entry":"0","slider_number_format2":"0","slider_threshold":null,"slider_use_existing_values":"0","slider_decimal_digits":"0","slider_decimal_digits2":"0","range_step":"0.0000","thousand_separator":"0"}
2014-11-04T12:00:28+00:00 DEBUG (7): UPDATE: {"id":"15","global_id":"15","store_id":"1","_m_prevent_replication":true,"is_enabled":"1","display":"list","name":"\u0422\u0438\u043f \u0424\u0438\u043b\u044c\u0442\u0440\u0430","is_enabled_in_search":"1","position":"0","sort_method":"","operation":"","is_reverse":"0","slider_number_format":"$0","slider_manual_entry":"0","slider_number_format2":"0","slider_threshold":null,"slider_use_existing_values":"0","slider_decimal_digits":"0","slider_decimal_digits2":"0","range_step":"0.0000","thousand_separator":"0"}
2014-11-04T12:00:28+00:00 DEBUG (7): UPDATE: {"id":"16","global_id":"16","store_id":"1","_m_prevent_replication":true,"is_enabled":"1","display":"list","name":"\u0412\u043e\u0437\u0440\u0430\u0441\u0442","is_enabled_in_search":"1","position":"0","sort_method":"","operation":"","is_reverse":"0","slider_number_format":"$0","slider_manual_entry":"0","slider_number_format2":"0","slider_threshold":null,"slider_use_existing_values":"0","slider_decimal_digits":"0","slider_decimal_digits2":"0","range_step":"0.0000","thousand_separator":"0"}
2014-11-04T12:00:28+00:00 DEBUG (7): INSERT: SELECT DISTINCT `global`.`id` AS `global_id`, `core_store`.`store_id`, `global`.`is_enabled`, `global`.`display`, COALESCE(eav_attribute_label.value, global.name) AS `name`, `global`.`is_enabled_in_search`, `global`.`position`, `global`.`sort_method`, `global`.`operation`, `global`.`is_reverse`, `global`.`slider_number_format`, `global`.`slider_manual_entry`, `global`.`slider_number_format2`, `global`.`slider_threshold`, `global`.`slider_use_existing_values`, `global`.`slider_decimal_digits`, `global`.`slider_decimal_digits2`, `global`.`range_step`, `global`.`thousand_separator` FROM `m_filter2` AS `global`
 INNER JOIN `core_store`
 LEFT JOIN `m_filter2_store` AS `target` ON target.global_id = global.id AND target.store_id = core_store.store_id
 LEFT JOIN `eav_attribute` ON global.code = eav_attribute.attribute_code
 LEFT JOIN `eav_attribute_label` ON eav_attribute.attribute_id = eav_attribute_label.attribute_id AND target.store_id = eav_attribute_label.store_id WHERE (core_store.store_id <> 0) AND (target.id IS NULL)
2014-11-04T12:00:28+00:00 DEBUG (7): UPDATE: SELECT DISTINCT `target`.`id`, `target`.`option_id`, `target`.`filter_id`, `target`.`default_mask0`, `global_option_value`.`value_id`, `global_option_value`.`value` AS `name`, `eav_attribute_option`.`sort_order` AS `position` FROM `eav_attribute`
 INNER JOIN `eav_attribute_option` ON eav_attribute.attribute_id = eav_attribute_option.attribute_id
 INNER JOIN `m_filter2_value` AS `target` ON target.option_id = eav_attribute_option.option_id
 INNER JOIN `m_filter2` AS `parent` ON target.filter_id = parent.id
 LEFT JOIN `eav_attribute_option_value` AS `global_option_value` ON global_option_value.option_id = eav_attribute_option.option_id AND global_option_value.store_id = 0 WHERE (target.edit_status = 0)
2014-11-04T12:00:28+00:00 DEBUG (7): UPDATE: {"id":"17","option_id":"30","filter_id":"14","value_id":"207","_m_prevent_replication":true,"name":"\u041d\u0435\u0442","position":"0"}
2014-11-04T12:00:28+00:00 DEBUG (7): UPDATE: {"id":"18","option_id":"31","filter_id":"14","value_id":"205","_m_prevent_replication":true,"name":"\u0415\u0441\u0442\u044c","position":"0"}
2014-11-04T12:00:28+00:00 DEBUG (7): UPDATE: {"id":"19","option_id":"32","filter_id":"15","value_id":"231","_m_prevent_replication":true,"name":"\u041d\u0435\u0442","position":"1"}
2014-11-04T12:00:28+00:00 DEBUG (7): UPDATE: {"id":"20","option_id":"33","filter_id":"15","value_id":"229","_m_prevent_replication":true,"name":"\u041a\u0430\u0440\u0442\u0440\u0438\u0434\u0436\u043d\u044b\u0439","position":"0"}
2014-11-04T12:00:28+00:00 DEBUG (7): UPDATE: {"id":"21","option_id":"34","filter_id":"15","value_id":"233","_m_prevent_replication":true,"name":"\u041f\u0435\u0441\u0447\u0430\u043d\u044b\u0439","position":"2"}
2014-11-04T12:00:28+00:00 DEBUG (7): UPDATE: {"id":"23","option_id":"36","filter_id":"16","value_id":"227","_m_prevent_replication":true,"name":"7-9 \u043b\u0435\u0442","position":"0"}
2014-11-04T12:00:28+00:00 DEBUG (7): UPDATE: {"id":"24","option_id":"37","filter_id":"16","value_id":"225","_m_prevent_replication":true,"name":"3-6 \u043b\u0435\u0442","position":"0"}
2014-11-04T12:00:28+00:00 DEBUG (7): UPDATE: {"id":"25","option_id":"38","filter_id":"16","value_id":"223","_m_prevent_replication":true,"name":"1-3 \u0433\u043e\u0434\u0430","position":"0"}
2014-11-04T12:00:28+00:00 DEBUG (7): INSERT: SELECT DISTINCT `eav_attribute_option`.`option_id`, `parent`.`id` AS `filter_id`, `global_option_value`.`value_id`, `global_option_value`.`value` AS `name`, `eav_attribute_option`.`sort_order` AS `position` FROM `eav_attribute`
 INNER JOIN `eav_attribute_option` ON eav_attribute.attribute_id = eav_attribute_option.attribute_id
 INNER JOIN `m_filter2` AS `parent` ON eav_attribute.attribute_code = parent.code
 LEFT JOIN `eav_attribute_option_value` AS `global_option_value` ON global_option_value.option_id = eav_attribute_option.option_id AND global_option_value.store_id = 0
 LEFT JOIN `m_filter2_value` AS `target` ON target.option_id = eav_attribute_option.option_id WHERE (target.id IS NULL)
2014-11-04T12:00:28+00:00 DEBUG (7): UPDATE: SELECT DISTINCT `target`.`id`, `target`.`global_id`, `target`.`store_id`, `target`.`filter_id`, `target`.`default_mask0`, `global`.`option_id`, COALESCE(store_option_value.value_id, global_option_value.value_id) AS `value_id`, COALESCE(store_option_value.value, global_option_value.value, '') AS `name`, `global`.`position` FROM `m_filter2_value` AS `global`
 INNER JOIN `m_filter2_value_store` AS `target` ON target.global_id = global.id AND global.edit_status = 0
 INNER JOIN `eav_attribute_option` ON global.option_id = eav_attribute_option.option_id
 INNER JOIN `m_filter2_store` AS `parent` ON target.filter_id = parent.id
 LEFT JOIN `eav_attribute_option_value` AS `global_option_value` ON global_option_value.option_id = eav_attribute_option.option_id AND global_option_value.store_id = 0
 LEFT JOIN `eav_attribute_option_value` AS `store_option_value` ON store_option_value.option_id = eav_attribute_option.option_id AND store_option_value.store_id = target.store_id WHERE (target.edit_status = 0)
2014-11-04T12:00:28+00:00 DEBUG (7): UPDATE: {"id":"17","global_id":"17","store_id":"1","filter_id":"14","option_id":"30","value_id":"208","_m_prevent_replication":true,"name":"\u041d\u0435\u0442","position":"0"}
2014-11-04T12:00:28+00:00 DEBUG (7): UPDATE: {"id":"18","global_id":"18","store_id":"1","filter_id":"14","option_id":"31","value_id":"206","_m_prevent_replication":true,"name":"\u0415\u0441\u0442\u044c","position":"0"}
2014-11-04T12:00:28+00:00 DEBUG (7): UPDATE: {"id":"19","global_id":"19","store_id":"1","filter_id":"15","option_id":"32","value_id":"232","_m_prevent_replication":true,"name":"\u041d\u0435\u0442","position":"1"}
2014-11-04T12:00:28+00:00 DEBUG (7): UPDATE: {"id":"20","global_id":"20","store_id":"1","filter_id":"15","option_id":"33","value_id":"230","_m_prevent_replication":true,"name":"\u041a\u0430\u0440\u0442\u0440\u0438\u0434\u0436\u043d\u044b\u0439","position":"0"}
2014-11-04T12:00:28+00:00 DEBUG (7): UPDATE: {"id":"21","global_id":"21","store_id":"1","filter_id":"15","option_id":"34","value_id":"234","_m_prevent_replication":true,"name":"\u041f\u0435\u0441\u0447\u0430\u043d\u044b\u0439","position":"2"}
2014-11-04T12:00:28+00:00 DEBUG (7): UPDATE: {"id":"23","global_id":"23","store_id":"1","filter_id":"16","option_id":"36","value_id":"228","_m_prevent_replication":true,"name":"7-9 \u043b\u0435\u0442","position":"0"}
2014-11-04T12:00:28+00:00 DEBUG (7): UPDATE: {"id":"24","global_id":"24","store_id":"1","filter_id":"16","option_id":"37","value_id":"226","_m_prevent_replication":true,"name":"3-6 \u043b\u0435\u0442","position":"0"}
2014-11-04T12:00:28+00:00 DEBUG (7): UPDATE: {"id":"25","global_id":"25","store_id":"1","filter_id":"16","option_id":"38","value_id":"224","_m_prevent_replication":true,"name":"1-3 \u0433\u043e\u0434\u0430","position":"0"}
2014-11-04T12:00:28+00:00 DEBUG (7): INSERT: SELECT DISTINCT `global`.`id` AS `global_id`, `core_store`.`store_id`, `parent`.`id` AS `filter_id`, `global`.`option_id`, COALESCE(store_option_value.value_id, global_option_value.value_id) AS `value_id`, COALESCE(store_option_value.value, global_option_value.value, '') AS `name`, `global`.`position` FROM `m_filter2_value` AS `global`
 INNER JOIN `core_store`
 INNER JOIN `eav_attribute_option` ON global.option_id = eav_attribute_option.option_id
 INNER JOIN `eav_attribute` ON eav_attribute.attribute_id = eav_attribute_option.attribute_id
 INNER JOIN `m_filter2` AS `parent_global` ON eav_attribute.attribute_code = parent_global.code
 INNER JOIN `m_filter2_store` AS `parent` ON parent_global.id = parent.global_id AND core_store.store_id = parent.store_id
 LEFT JOIN `eav_attribute_option_value` AS `global_option_value` ON global_option_value.option_id = eav_attribute_option.option_id AND global_option_value.store_id = 0
 LEFT JOIN `eav_attribute_option_value` AS `store_option_value` ON store_option_value.option_id = eav_attribute_option.option_id AND store_option_value.store_id = core_store.store_id
 LEFT JOIN `m_filter2_value_store` AS `target` ON target.global_id = global.id AND target.store_id = core_store.store_id WHERE (core_store.store_id <> 0) AND (global.edit_status = 0) AND (target.id IS NULL)
2014-11-04T15:14:20+00:00 DEBUG (7): UPDATE: SELECT DISTINCT `target`.`id`, `target`.`code`, `target`.`type`, `target`.`default_mask0`, `target`.`default_mask1`, `eav_attribute_additional`.`is_filterable` AS `is_enabled`, `eav_attribute`.`frontend_label` AS `name`, `eav_attribute_additional`.`is_filterable_in_search` AS `is_enabled_in_search`, `eav_attribute_additional`.`position` FROM `eav_attribute`
 INNER JOIN `catalog_eav_attribute` AS `eav_attribute_additional` ON eav_attribute.attribute_id = eav_attribute_additional.attribute_id
 INNER JOIN `eav_entity_type` ON eav_attribute.entity_type_id = eav_entity_type.entity_type_id
 INNER JOIN `m_filter2` AS `target` ON target.code = eav_attribute.attribute_code WHERE (eav_entity_type.entity_type_code = 'catalog_product') AND (eav_attribute_additional.is_filterable <> 0)
2014-11-04T15:14:20+00:00 DEBUG (7): UPDATE: {"id":"1","code":"color","type":"attribute","_m_prevent_replication":true,"is_enabled":"1","display":"slider","name":"Color","is_enabled_in_search":"0","position":"0","sort_method":"","slider_number_format":"$0","range_step":0}
2014-11-04T15:14:20+00:00 DEBUG (7): UPDATE: {"id":"6","code":"manufacturer","type":"attribute","_m_prevent_replication":true,"is_enabled":"1","display":"slider","name":"Manufacturer","is_enabled_in_search":"0","position":"0","sort_method":"","slider_number_format":"$0","range_step":0}
2014-11-04T15:14:20+00:00 DEBUG (7): UPDATE: {"id":"7","code":"price","type":"price","_m_prevent_replication":true,"is_enabled":"1","display":"slider","name":"\u0426\u0435\u043d\u0430","is_enabled_in_search":"0","position":"0","sort_method":"","slider_number_format":"$0","range_step":0}
2014-11-04T15:14:20+00:00 DEBUG (7): UPDATE: {"id":"10","code":"diametr_test","type":"decimal","_m_prevent_replication":true,"position":"0","sort_method":"","range_step":0}
2014-11-04T15:14:20+00:00 DEBUG (7): UPDATE: {"id":"11","code":"high_test","type":"decimal","_m_prevent_replication":true,"position":"0","sort_method":"","range_step":0}
2014-11-04T15:14:20+00:00 DEBUG (7): UPDATE: {"id":"12","code":"length_test","type":"decimal","_m_prevent_replication":true,"is_enabled":"1","display":"slider","name":"\u0414\u043b\u0438\u043d\u0430","is_enabled_in_search":"1","position":"0","sort_method":"","range_step":0}
2014-11-04T15:14:20+00:00 DEBUG (7): UPDATE: {"id":"13","code":"width_test","type":"decimal","_m_prevent_replication":true,"is_enabled":"1","display":"slider","name":"\u0428\u0438\u0440\u0438\u043d\u0430","is_enabled_in_search":"1","position":"0","sort_method":"","range_step":0}
2014-11-04T15:14:20+00:00 DEBUG (7): UPDATE: {"id":"14","code":"chlorgen","type":"attribute","_m_prevent_replication":true,"position":"0","sort_method":"","range_step":0}
2014-11-04T15:14:20+00:00 DEBUG (7): UPDATE: {"id":"15","code":"filter_yesno","type":"attribute","_m_prevent_replication":true,"position":"0","sort_method":"","range_step":0}
2014-11-04T15:14:20+00:00 DEBUG (7): UPDATE: {"id":"16","code":"vozrast","type":"attribute","_m_prevent_replication":true,"position":"0","sort_method":"","range_step":0}
2014-11-04T15:14:20+00:00 DEBUG (7): UPDATE: SELECT `target`.`id`, `target`.`code`, `target`.`type`, `target`.`default_mask0`, `target`.`default_mask1`, (1) AS `is_enabled`, ('Category') AS `name`, (1) AS `is_enabled_in_search`, (-1) AS `position` FROM `m_filter2` AS `target` WHERE (target.code = 'category')
2014-11-04T15:14:20+00:00 DEBUG (7): UPDATE: {"id":"9","code":"category","type":"category","_m_prevent_replication":true,"is_enabled":"1","display":"standard","name":"Category","is_enabled_in_search":"1","position":"-1","sort_method":"","slider_number_format":"$0","range_step":0}
2014-11-04T15:14:20+00:00 DEBUG (7): INSERT: SELECT DISTINCT `eav_attribute`.`attribute_code` AS `code`, IF(eav_attribute.attribute_code = 'category', 'category', IF(eav_attribute.attribute_code = 'price', 'price', IF(eav_attribute.backend_type = 'decimal', 'decimal', 'attribute'))) AS `type`, `eav_attribute_additional`.`is_filterable` AS `is_enabled`, `eav_attribute`.`frontend_label` AS `name`, `eav_attribute_additional`.`is_filterable_in_search` AS `is_enabled_in_search`, `eav_attribute_additional`.`position` FROM `eav_attribute`
 INNER JOIN `catalog_eav_attribute` AS `eav_attribute_additional` ON eav_attribute.attribute_id = eav_attribute_additional.attribute_id
 INNER JOIN `eav_entity_type` ON eav_attribute.entity_type_id = eav_entity_type.entity_type_id
 LEFT JOIN `m_filter2` AS `target` ON target.code = eav_attribute.attribute_code WHERE (eav_entity_type.entity_type_code = 'catalog_product') AND (eav_attribute_additional.is_filterable <> 0) AND (target.id IS NULL)
2014-11-04T15:14:20+00:00 DEBUG (7): INSERT: SELECT ('category') AS `code`, ('category') AS `type`, (1) AS `is_enabled`, ('Category') AS `name`, (1) AS `is_enabled_in_search`, (-1) AS `position` FROM (SELECT ('category') AS `code`) AS `source`
 LEFT JOIN `m_filter2` AS `target` ON target.code = 'category' WHERE (target.id IS NULL)
2014-11-04T15:14:20+00:00 DEBUG (7): DELETE: SELECT DISTINCT `target`.`id` FROM `m_filter2` AS `target`
 LEFT JOIN `eav_attribute` ON target.code = eav_attribute.attribute_code
 LEFT JOIN `catalog_eav_attribute` AS `eav_attribute_additional` ON eav_attribute.attribute_id = eav_attribute_additional.attribute_id WHERE ((eav_attribute.attribute_id IS NULL) OR (eav_attribute_additional.is_filterable = 0)) AND (target.code <> 'category')
2014-11-04T15:14:20+00:00 DEBUG (7): UPDATE: SELECT DISTINCT `target`.`id`, `target`.`global_id`, `target`.`store_id`, `target`.`default_mask0`, `target`.`default_mask1`, `global`.`is_enabled`, `global`.`display`, COALESCE(eav_attribute_label.value, global.name) AS `name`, `global`.`is_enabled_in_search`, `global`.`position`, `global`.`sort_method`, `global`.`operation`, `global`.`is_reverse`, `global`.`slider_number_format`, `global`.`slider_manual_entry`, `global`.`slider_number_format2`, `global`.`slider_threshold`, `global`.`slider_use_existing_values`, `global`.`slider_decimal_digits`, `global`.`slider_decimal_digits2`, `global`.`range_step`, `global`.`thousand_separator` FROM `m_filter2` AS `global`
 INNER JOIN `m_filter2_store` AS `target` ON target.global_id = global.id
 LEFT JOIN `eav_attribute` ON global.code = eav_attribute.attribute_code
 LEFT JOIN `eav_attribute_label` ON eav_attribute.attribute_id = eav_attribute_label.attribute_id AND target.store_id = eav_attribute_label.store_id
2014-11-04T15:14:20+00:00 DEBUG (7): UPDATE: {"id":"1","global_id":"1","store_id":"1","_m_prevent_replication":true,"is_enabled":"1","display":"slider","name":"Color","is_enabled_in_search":"0","position":"0","sort_method":"","operation":"","is_reverse":"0","slider_number_format":"$0","slider_manual_entry":"0","slider_number_format2":"0","slider_threshold":null,"slider_use_existing_values":"0","slider_decimal_digits":"0","slider_decimal_digits2":"0","range_step":"0.0000","thousand_separator":"0"}
2014-11-04T15:14:20+00:00 DEBUG (7): UPDATE: {"id":"6","global_id":"6","store_id":"1","_m_prevent_replication":true,"is_enabled":"1","display":"slider","name":"Manufacturer","is_enabled_in_search":"0","position":"0","sort_method":"","operation":"","is_reverse":"0","slider_number_format":"$0","slider_manual_entry":"0","slider_number_format2":"0","slider_threshold":null,"slider_use_existing_values":"0","slider_decimal_digits":"0","slider_decimal_digits2":"0","range_step":"0.0000","thousand_separator":"0"}
2014-11-04T15:14:20+00:00 DEBUG (7): UPDATE: {"id":"7","global_id":"7","store_id":"1","_m_prevent_replication":true,"is_enabled":"1","display":"slider","name":"\u0426\u0435\u043d\u0430","is_enabled_in_search":"0","position":"0","sort_method":"","operation":"","is_reverse":"0","slider_number_format":"$0","slider_manual_entry":"1","slider_number_format2":"0","slider_threshold":"0","slider_use_existing_values":"0","slider_decimal_digits":"0","slider_decimal_digits2":"0","range_step":"0.0000","thousand_separator":"0"}
2014-11-04T15:14:20+00:00 DEBUG (7): UPDATE: {"id":"9","global_id":"9","store_id":"1","_m_prevent_replication":true,"is_enabled":"1","display":"standard","name":"Category","is_enabled_in_search":"1","position":"-1","sort_method":"","operation":"","is_reverse":"0","slider_number_format":"$0","slider_manual_entry":"0","slider_number_format2":"0","slider_threshold":null,"slider_use_existing_values":"0","slider_decimal_digits":"0","slider_decimal_digits2":"0","range_step":"0.0000","thousand_separator":"0"}
2014-11-04T15:14:20+00:00 DEBUG (7): UPDATE: {"id":"10","global_id":"10","store_id":"1","_m_prevent_replication":true,"is_enabled":"1","display":"slider","name":"\u0414\u0438\u0430\u043c\u0435\u0442\u0440","is_enabled_in_search":"1","position":"0","sort_method":"","operation":"","is_reverse":"1","slider_number_format":"0 \u0441\u043c.","slider_manual_entry":"1","slider_number_format2":"0","slider_threshold":"0","slider_use_existing_values":"1","slider_decimal_digits":"0","slider_decimal_digits2":"0","range_step":"0.0000","thousand_separator":"0"}
2014-11-04T15:14:20+00:00 DEBUG (7): UPDATE: {"id":"11","global_id":"11","store_id":"1","_m_prevent_replication":true,"is_enabled":"1","display":"slider","name":"\u0412\u044b\u0441\u043e\u0442\u0430","is_enabled_in_search":"1","position":"0","sort_method":"","operation":"","is_reverse":"0","slider_number_format":"0 \u0441\u043c.","slider_manual_entry":"1","slider_number_format2":"0","slider_threshold":"0","slider_use_existing_values":"1","slider_decimal_digits":"0","slider_decimal_digits2":"0","range_step":"0.0000","thousand_separator":"0"}
2014-11-04T15:14:20+00:00 DEBUG (7): UPDATE: {"id":"12","global_id":"12","store_id":"1","_m_prevent_replication":true,"is_enabled":"1","display":"slider","name":"\u0414\u043b\u0438\u043d\u0430","is_enabled_in_search":"1","position":"0","sort_method":"","operation":"","is_reverse":"0","slider_number_format":"0 \u0441\u043c.","slider_manual_entry":"1","slider_number_format2":"0","slider_threshold":"0","slider_use_existing_values":"0","slider_decimal_digits":"0","slider_decimal_digits2":"0","range_step":"0.0000","thousand_separator":"0"}
2014-11-04T15:14:20+00:00 DEBUG (7): UPDATE: {"id":"13","global_id":"13","store_id":"1","_m_prevent_replication":true,"is_enabled":"1","display":"slider","name":"\u0428\u0438\u0440\u0438\u043d\u0430","is_enabled_in_search":"1","position":"0","sort_method":"","operation":"","is_reverse":"0","slider_number_format":"0 \u0441\u043c.","slider_manual_entry":"1","slider_number_format2":"0","slider_threshold":"0","slider_use_existing_values":"0","slider_decimal_digits":"0","slider_decimal_digits2":"0","range_step":"0.0000","thousand_separator":"0"}
2014-11-04T15:14:20+00:00 DEBUG (7): UPDATE: {"id":"14","global_id":"14","store_id":"1","_m_prevent_replication":true,"is_enabled":"1","display":"list","name":"\u0425\u043b\u043e\u0440\u0433\u0435\u043d\u0435\u0440\u0430\u0442\u043e\u0440","is_enabled_in_search":"1","position":"0","sort_method":"","operation":"","is_reverse":"0","slider_number_format":"$0","slider_manual_entry":"0","slider_number_format2":"0","slider_threshold":null,"slider_use_existing_values":"0","slider_decimal_digits":"0","slider_decimal_digits2":"0","range_step":"0.0000","thousand_separator":"0"}
2014-11-04T15:14:20+00:00 DEBUG (7): UPDATE: {"id":"15","global_id":"15","store_id":"1","_m_prevent_replication":true,"is_enabled":"1","display":"list","name":"\u0422\u0438\u043f \u0424\u0438\u043b\u044c\u0442\u0440\u0430","is_enabled_in_search":"1","position":"0","sort_method":"","operation":"","is_reverse":"0","slider_number_format":"$0","slider_manual_entry":"0","slider_number_format2":"0","slider_threshold":null,"slider_use_existing_values":"0","slider_decimal_digits":"0","slider_decimal_digits2":"0","range_step":"0.0000","thousand_separator":"0"}
2014-11-04T15:14:20+00:00 DEBUG (7): UPDATE: {"id":"16","global_id":"16","store_id":"1","_m_prevent_replication":true,"is_enabled":"1","display":"list","name":"\u0412\u043e\u0437\u0440\u0430\u0441\u0442","is_enabled_in_search":"1","position":"0","sort_method":"","operation":"","is_reverse":"0","slider_number_format":"$0","slider_manual_entry":"0","slider_number_format2":"0","slider_threshold":null,"slider_use_existing_values":"0","slider_decimal_digits":"0","slider_decimal_digits2":"0","range_step":"0.0000","thousand_separator":"0"}
2014-11-04T15:14:20+00:00 DEBUG (7): INSERT: SELECT DISTINCT `global`.`id` AS `global_id`, `core_store`.`store_id`, `global`.`is_enabled`, `global`.`display`, COALESCE(eav_attribute_label.value, global.name) AS `name`, `global`.`is_enabled_in_search`, `global`.`position`, `global`.`sort_method`, `global`.`operation`, `global`.`is_reverse`, `global`.`slider_number_format`, `global`.`slider_manual_entry`, `global`.`slider_number_format2`, `global`.`slider_threshold`, `global`.`slider_use_existing_values`, `global`.`slider_decimal_digits`, `global`.`slider_decimal_digits2`, `global`.`range_step`, `global`.`thousand_separator` FROM `m_filter2` AS `global`
 INNER JOIN `core_store`
 LEFT JOIN `m_filter2_store` AS `target` ON target.global_id = global.id AND target.store_id = core_store.store_id
 LEFT JOIN `eav_attribute` ON global.code = eav_attribute.attribute_code
 LEFT JOIN `eav_attribute_label` ON eav_attribute.attribute_id = eav_attribute_label.attribute_id AND target.store_id = eav_attribute_label.store_id WHERE (core_store.store_id <> 0) AND (target.id IS NULL)
2014-11-04T15:14:20+00:00 DEBUG (7): UPDATE: SELECT DISTINCT `target`.`id`, `target`.`option_id`, `target`.`filter_id`, `target`.`default_mask0`, `global_option_value`.`value_id`, `global_option_value`.`value` AS `name`, `eav_attribute_option`.`sort_order` AS `position` FROM `eav_attribute`
 INNER JOIN `eav_attribute_option` ON eav_attribute.attribute_id = eav_attribute_option.attribute_id
 INNER JOIN `m_filter2_value` AS `target` ON target.option_id = eav_attribute_option.option_id
 INNER JOIN `m_filter2` AS `parent` ON target.filter_id = parent.id
 LEFT JOIN `eav_attribute_option_value` AS `global_option_value` ON global_option_value.option_id = eav_attribute_option.option_id AND global_option_value.store_id = 0 WHERE (target.edit_status = 0)
2014-11-04T15:14:20+00:00 DEBUG (7): UPDATE: {"id":"17","option_id":"30","filter_id":"14","value_id":"207","_m_prevent_replication":true,"name":"\u041d\u0435\u0442","position":"0"}
2014-11-04T15:14:20+00:00 DEBUG (7): UPDATE: {"id":"18","option_id":"31","filter_id":"14","value_id":"205","_m_prevent_replication":true,"name":"\u0415\u0441\u0442\u044c","position":"0"}
2014-11-04T15:14:20+00:00 DEBUG (7): UPDATE: {"id":"19","option_id":"32","filter_id":"15","value_id":"231","_m_prevent_replication":true,"name":"\u041d\u0435\u0442","position":"1"}
2014-11-04T15:14:20+00:00 DEBUG (7): UPDATE: {"id":"20","option_id":"33","filter_id":"15","value_id":"229","_m_prevent_replication":true,"name":"\u041a\u0430\u0440\u0442\u0440\u0438\u0434\u0436\u043d\u044b\u0439","position":"0"}
2014-11-04T15:14:20+00:00 DEBUG (7): UPDATE: {"id":"21","option_id":"34","filter_id":"15","value_id":"233","_m_prevent_replication":true,"name":"\u041f\u0435\u0441\u0447\u0430\u043d\u044b\u0439","position":"2"}
2014-11-04T15:14:20+00:00 DEBUG (7): UPDATE: {"id":"23","option_id":"36","filter_id":"16","value_id":"227","_m_prevent_replication":true,"name":"7-9 \u043b\u0435\u0442","position":"0"}
2014-11-04T15:14:20+00:00 DEBUG (7): UPDATE: {"id":"24","option_id":"37","filter_id":"16","value_id":"225","_m_prevent_replication":true,"name":"3-6 \u043b\u0435\u0442","position":"0"}
2014-11-04T15:14:20+00:00 DEBUG (7): UPDATE: {"id":"25","option_id":"38","filter_id":"16","value_id":"223","_m_prevent_replication":true,"name":"1-3 \u0433\u043e\u0434\u0430","position":"0"}
2014-11-04T15:14:20+00:00 DEBUG (7): INSERT: SELECT DISTINCT `eav_attribute_option`.`option_id`, `parent`.`id` AS `filter_id`, `global_option_value`.`value_id`, `global_option_value`.`value` AS `name`, `eav_attribute_option`.`sort_order` AS `position` FROM `eav_attribute`
 INNER JOIN `eav_attribute_option` ON eav_attribute.attribute_id = eav_attribute_option.attribute_id
 INNER JOIN `m_filter2` AS `parent` ON eav_attribute.attribute_code = parent.code
 LEFT JOIN `eav_attribute_option_value` AS `global_option_value` ON global_option_value.option_id = eav_attribute_option.option_id AND global_option_value.store_id = 0
 LEFT JOIN `m_filter2_value` AS `target` ON target.option_id = eav_attribute_option.option_id WHERE (target.id IS NULL)
2014-11-04T15:14:20+00:00 DEBUG (7): UPDATE: SELECT DISTINCT `target`.`id`, `target`.`global_id`, `target`.`store_id`, `target`.`filter_id`, `target`.`default_mask0`, `global`.`option_id`, COALESCE(store_option_value.value_id, global_option_value.value_id) AS `value_id`, COALESCE(store_option_value.value, global_option_value.value, '') AS `name`, `global`.`position` FROM `m_filter2_value` AS `global`
 INNER JOIN `m_filter2_value_store` AS `target` ON target.global_id = global.id AND global.edit_status = 0
 INNER JOIN `eav_attribute_option` ON global.option_id = eav_attribute_option.option_id
 INNER JOIN `m_filter2_store` AS `parent` ON target.filter_id = parent.id
 LEFT JOIN `eav_attribute_option_value` AS `global_option_value` ON global_option_value.option_id = eav_attribute_option.option_id AND global_option_value.store_id = 0
 LEFT JOIN `eav_attribute_option_value` AS `store_option_value` ON store_option_value.option_id = eav_attribute_option.option_id AND store_option_value.store_id = target.store_id WHERE (target.edit_status = 0)
2014-11-04T15:14:20+00:00 DEBUG (7): UPDATE: {"id":"17","global_id":"17","store_id":"1","filter_id":"14","option_id":"30","value_id":"208","_m_prevent_replication":true,"name":"\u041d\u0435\u0442","position":"0"}
2014-11-04T15:14:20+00:00 DEBUG (7): UPDATE: {"id":"18","global_id":"18","store_id":"1","filter_id":"14","option_id":"31","value_id":"206","_m_prevent_replication":true,"name":"\u0415\u0441\u0442\u044c","position":"0"}
2014-11-04T15:14:20+00:00 DEBUG (7): UPDATE: {"id":"19","global_id":"19","store_id":"1","filter_id":"15","option_id":"32","value_id":"232","_m_prevent_replication":true,"name":"\u041d\u0435\u0442","position":"1"}
2014-11-04T15:14:20+00:00 DEBUG (7): UPDATE: {"id":"20","global_id":"20","store_id":"1","filter_id":"15","option_id":"33","value_id":"230","_m_prevent_replication":true,"name":"\u041a\u0430\u0440\u0442\u0440\u0438\u0434\u0436\u043d\u044b\u0439","position":"0"}
2014-11-04T15:14:20+00:00 DEBUG (7): UPDATE: {"id":"21","global_id":"21","store_id":"1","filter_id":"15","option_id":"34","value_id":"234","_m_prevent_replication":true,"name":"\u041f\u0435\u0441\u0447\u0430\u043d\u044b\u0439","position":"2"}
2014-11-04T15:14:20+00:00 DEBUG (7): UPDATE: {"id":"23","global_id":"23","store_id":"1","filter_id":"16","option_id":"36","value_id":"228","_m_prevent_replication":true,"name":"7-9 \u043b\u0435\u0442","position":"0"}
2014-11-04T15:14:20+00:00 DEBUG (7): UPDATE: {"id":"24","global_id":"24","store_id":"1","filter_id":"16","option_id":"37","value_id":"226","_m_prevent_replication":true,"name":"3-6 \u043b\u0435\u0442","position":"0"}
2014-11-04T15:14:20+00:00 DEBUG (7): UPDATE: {"id":"25","global_id":"25","store_id":"1","filter_id":"16","option_id":"38","value_id":"224","_m_prevent_replication":true,"name":"1-3 \u0433\u043e\u0434\u0430","position":"0"}
2014-11-04T15:14:20+00:00 DEBUG (7): INSERT: SELECT DISTINCT `global`.`id` AS `global_id`, `core_store`.`store_id`, `parent`.`id` AS `filter_id`, `global`.`option_id`, COALESCE(store_option_value.value_id, global_option_value.value_id) AS `value_id`, COALESCE(store_option_value.value, global_option_value.value, '') AS `name`, `global`.`position` FROM `m_filter2_value` AS `global`
 INNER JOIN `core_store`
 INNER JOIN `eav_attribute_option` ON global.option_id = eav_attribute_option.option_id
 INNER JOIN `eav_attribute` ON eav_attribute.attribute_id = eav_attribute_option.attribute_id
 INNER JOIN `m_filter2` AS `parent_global` ON eav_attribute.attribute_code = parent_global.code
 INNER JOIN `m_filter2_store` AS `parent` ON parent_global.id = parent.global_id AND core_store.store_id = parent.store_id
 LEFT JOIN `eav_attribute_option_value` AS `global_option_value` ON global_option_value.option_id = eav_attribute_option.option_id AND global_option_value.store_id = 0
 LEFT JOIN `eav_attribute_option_value` AS `store_option_value` ON store_option_value.option_id = eav_attribute_option.option_id AND store_option_value.store_id = core_store.store_id
 LEFT JOIN `m_filter2_value_store` AS `target` ON target.global_id = global.id AND target.store_id = core_store.store_id WHERE (core_store.store_id <> 0) AND (global.edit_status = 0) AND (target.id IS NULL)
2014-11-04T15:28:14+00:00 DEBUG (7): UPDATE: SELECT DISTINCT `target`.`id`, `target`.`code`, `target`.`type`, `target`.`default_mask0`, `target`.`default_mask1`, `eav_attribute_additional`.`is_filterable` AS `is_enabled`, `eav_attribute`.`frontend_label` AS `name`, `eav_attribute_additional`.`is_filterable_in_search` AS `is_enabled_in_search`, `eav_attribute_additional`.`position` FROM `eav_attribute`
 INNER JOIN `catalog_eav_attribute` AS `eav_attribute_additional` ON eav_attribute.attribute_id = eav_attribute_additional.attribute_id
 INNER JOIN `eav_entity_type` ON eav_attribute.entity_type_id = eav_entity_type.entity_type_id
 INNER JOIN `m_filter2` AS `target` ON target.code = eav_attribute.attribute_code WHERE (eav_entity_type.entity_type_code = 'catalog_product') AND (eav_attribute_additional.is_filterable <> 0)
2014-11-04T15:28:14+00:00 DEBUG (7): UPDATE: {"id":"1","code":"color","type":"attribute","_m_prevent_replication":true,"is_enabled":"1","display":"slider","name":"Color","is_enabled_in_search":"0","position":"0","sort_method":"","slider_number_format":"$0","range_step":0}
2014-11-04T15:28:14+00:00 DEBUG (7): UPDATE: {"id":"6","code":"manufacturer","type":"attribute","_m_prevent_replication":true,"is_enabled":"1","display":"slider","name":"Manufacturer","is_enabled_in_search":"0","position":"0","sort_method":"","slider_number_format":"$0","range_step":0}
2014-11-04T15:28:14+00:00 DEBUG (7): UPDATE: {"id":"7","code":"price","type":"price","_m_prevent_replication":true,"is_enabled":"1","display":"slider","name":"\u0426\u0435\u043d\u0430","is_enabled_in_search":"0","position":"0","sort_method":"","slider_number_format":"$0","range_step":0}
2014-11-04T15:28:14+00:00 DEBUG (7): UPDATE: {"id":"10","code":"diametr_test","type":"decimal","_m_prevent_replication":true,"position":"0","sort_method":"","range_step":0}
2014-11-04T15:28:14+00:00 DEBUG (7): UPDATE: {"id":"11","code":"high_test","type":"decimal","_m_prevent_replication":true,"position":"0","sort_method":"","range_step":0}
2014-11-04T15:28:14+00:00 DEBUG (7): UPDATE: {"id":"12","code":"length_test","type":"decimal","_m_prevent_replication":true,"is_enabled":"1","display":"slider","name":"\u0414\u043b\u0438\u043d\u0430","is_enabled_in_search":"1","position":"0","sort_method":"","range_step":0}
2014-11-04T15:28:14+00:00 DEBUG (7): UPDATE: {"id":"13","code":"width_test","type":"decimal","_m_prevent_replication":true,"is_enabled":"1","display":"slider","name":"\u0428\u0438\u0440\u0438\u043d\u0430","is_enabled_in_search":"1","position":"0","sort_method":"","range_step":0}
2014-11-04T15:28:14+00:00 DEBUG (7): UPDATE: {"id":"14","code":"chlorgen","type":"attribute","_m_prevent_replication":true,"position":"0","sort_method":"","range_step":0}
2014-11-04T15:28:14+00:00 DEBUG (7): UPDATE: {"id":"15","code":"filter_yesno","type":"attribute","_m_prevent_replication":true,"position":"0","sort_method":"","range_step":0}
2014-11-04T15:28:14+00:00 DEBUG (7): UPDATE: {"id":"16","code":"vozrast","type":"attribute","_m_prevent_replication":true,"position":"0","sort_method":"","range_step":0}
2014-11-04T15:28:14+00:00 DEBUG (7): UPDATE: SELECT `target`.`id`, `target`.`code`, `target`.`type`, `target`.`default_mask0`, `target`.`default_mask1`, (1) AS `is_enabled`, ('Category') AS `name`, (1) AS `is_enabled_in_search`, (-1) AS `position` FROM `m_filter2` AS `target` WHERE (target.code = 'category')
2014-11-04T15:28:14+00:00 DEBUG (7): UPDATE: {"id":"9","code":"category","type":"category","_m_prevent_replication":true,"is_enabled":"1","display":"standard","name":"Category","is_enabled_in_search":"1","position":"-1","sort_method":"","slider_number_format":"$0","range_step":0}
2014-11-04T15:28:14+00:00 DEBUG (7): INSERT: SELECT DISTINCT `eav_attribute`.`attribute_code` AS `code`, IF(eav_attribute.attribute_code = 'category', 'category', IF(eav_attribute.attribute_code = 'price', 'price', IF(eav_attribute.backend_type = 'decimal', 'decimal', 'attribute'))) AS `type`, `eav_attribute_additional`.`is_filterable` AS `is_enabled`, `eav_attribute`.`frontend_label` AS `name`, `eav_attribute_additional`.`is_filterable_in_search` AS `is_enabled_in_search`, `eav_attribute_additional`.`position` FROM `eav_attribute`
 INNER JOIN `catalog_eav_attribute` AS `eav_attribute_additional` ON eav_attribute.attribute_id = eav_attribute_additional.attribute_id
 INNER JOIN `eav_entity_type` ON eav_attribute.entity_type_id = eav_entity_type.entity_type_id
 LEFT JOIN `m_filter2` AS `target` ON target.code = eav_attribute.attribute_code WHERE (eav_entity_type.entity_type_code = 'catalog_product') AND (eav_attribute_additional.is_filterable <> 0) AND (target.id IS NULL)
2014-11-04T15:28:14+00:00 DEBUG (7): INSERT: SELECT ('category') AS `code`, ('category') AS `type`, (1) AS `is_enabled`, ('Category') AS `name`, (1) AS `is_enabled_in_search`, (-1) AS `position` FROM (SELECT ('category') AS `code`) AS `source`
 LEFT JOIN `m_filter2` AS `target` ON target.code = 'category' WHERE (target.id IS NULL)
2014-11-04T15:28:14+00:00 DEBUG (7): DELETE: SELECT DISTINCT `target`.`id` FROM `m_filter2` AS `target`
 LEFT JOIN `eav_attribute` ON target.code = eav_attribute.attribute_code
 LEFT JOIN `catalog_eav_attribute` AS `eav_attribute_additional` ON eav_attribute.attribute_id = eav_attribute_additional.attribute_id WHERE ((eav_attribute.attribute_id IS NULL) OR (eav_attribute_additional.is_filterable = 0)) AND (target.code <> 'category')
2014-11-04T15:28:14+00:00 DEBUG (7): UPDATE: SELECT DISTINCT `target`.`id`, `target`.`global_id`, `target`.`store_id`, `target`.`default_mask0`, `target`.`default_mask1`, `global`.`is_enabled`, `global`.`display`, COALESCE(eav_attribute_label.value, global.name) AS `name`, `global`.`is_enabled_in_search`, `global`.`position`, `global`.`sort_method`, `global`.`operation`, `global`.`is_reverse`, `global`.`slider_number_format`, `global`.`slider_manual_entry`, `global`.`slider_number_format2`, `global`.`slider_threshold`, `global`.`slider_use_existing_values`, `global`.`slider_decimal_digits`, `global`.`slider_decimal_digits2`, `global`.`range_step`, `global`.`thousand_separator` FROM `m_filter2` AS `global`
 INNER JOIN `m_filter2_store` AS `target` ON target.global_id = global.id
 LEFT JOIN `eav_attribute` ON global.code = eav_attribute.attribute_code
 LEFT JOIN `eav_attribute_label` ON eav_attribute.attribute_id = eav_attribute_label.attribute_id AND target.store_id = eav_attribute_label.store_id
2014-11-04T15:28:14+00:00 DEBUG (7): UPDATE: {"id":"1","global_id":"1","store_id":"1","_m_prevent_replication":true,"is_enabled":"1","display":"slider","name":"Color","is_enabled_in_search":"0","position":"0","sort_method":"","operation":"","is_reverse":"0","slider_number_format":"$0","slider_manual_entry":"0","slider_number_format2":"0","slider_threshold":null,"slider_use_existing_values":"0","slider_decimal_digits":"0","slider_decimal_digits2":"0","range_step":"0.0000","thousand_separator":"0"}
2014-11-04T15:28:14+00:00 DEBUG (7): UPDATE: {"id":"6","global_id":"6","store_id":"1","_m_prevent_replication":true,"is_enabled":"1","display":"slider","name":"Manufacturer","is_enabled_in_search":"0","position":"0","sort_method":"","operation":"","is_reverse":"0","slider_number_format":"$0","slider_manual_entry":"0","slider_number_format2":"0","slider_threshold":null,"slider_use_existing_values":"0","slider_decimal_digits":"0","slider_decimal_digits2":"0","range_step":"0.0000","thousand_separator":"0"}
2014-11-04T15:28:14+00:00 DEBUG (7): UPDATE: {"id":"7","global_id":"7","store_id":"1","_m_prevent_replication":true,"is_enabled":"1","display":"slider","name":"\u0426\u0435\u043d\u0430","is_enabled_in_search":"0","position":"0","sort_method":"","operation":"","is_reverse":"0","slider_number_format":"$0","slider_manual_entry":"1","slider_number_format2":"0","slider_threshold":"0","slider_use_existing_values":"0","slider_decimal_digits":"0","slider_decimal_digits2":"0","range_step":"0.0000","thousand_separator":"0"}
2014-11-04T15:28:14+00:00 DEBUG (7): UPDATE: {"id":"9","global_id":"9","store_id":"1","_m_prevent_replication":true,"is_enabled":"1","display":"standard","name":"Category","is_enabled_in_search":"1","position":"-1","sort_method":"","operation":"","is_reverse":"0","slider_number_format":"$0","slider_manual_entry":"0","slider_number_format2":"0","slider_threshold":null,"slider_use_existing_values":"0","slider_decimal_digits":"0","slider_decimal_digits2":"0","range_step":"0.0000","thousand_separator":"0"}
2014-11-04T15:28:14+00:00 DEBUG (7): UPDATE: {"id":"10","global_id":"10","store_id":"1","_m_prevent_replication":true,"is_enabled":"1","display":"slider","name":"\u0414\u0438\u0430\u043c\u0435\u0442\u0440","is_enabled_in_search":"1","position":"0","sort_method":"","operation":"","is_reverse":"1","slider_number_format":"0 \u0441\u043c.","slider_manual_entry":"1","slider_number_format2":"0","slider_threshold":"0","slider_use_existing_values":"1","slider_decimal_digits":"0","slider_decimal_digits2":"0","range_step":"0.0000","thousand_separator":"0"}
2014-11-04T15:28:14+00:00 DEBUG (7): UPDATE: {"id":"11","global_id":"11","store_id":"1","_m_prevent_replication":true,"is_enabled":"1","display":"slider","name":"\u0412\u044b\u0441\u043e\u0442\u0430","is_enabled_in_search":"1","position":"0","sort_method":"","operation":"","is_reverse":"0","slider_number_format":"0 \u0441\u043c.","slider_manual_entry":"1","slider_number_format2":"0","slider_threshold":"0","slider_use_existing_values":"1","slider_decimal_digits":"0","slider_decimal_digits2":"0","range_step":"0.0000","thousand_separator":"0"}
2014-11-04T15:28:14+00:00 DEBUG (7): UPDATE: {"id":"12","global_id":"12","store_id":"1","_m_prevent_replication":true,"is_enabled":"1","display":"slider","name":"\u0414\u043b\u0438\u043d\u0430","is_enabled_in_search":"1","position":"0","sort_method":"","operation":"","is_reverse":"0","slider_number_format":"0 \u0441\u043c.","slider_manual_entry":"1","slider_number_format2":"0","slider_threshold":"0","slider_use_existing_values":"0","slider_decimal_digits":"0","slider_decimal_digits2":"0","range_step":"0.0000","thousand_separator":"0"}
2014-11-04T15:28:14+00:00 DEBUG (7): UPDATE: {"id":"13","global_id":"13","store_id":"1","_m_prevent_replication":true,"is_enabled":"1","display":"slider","name":"\u0428\u0438\u0440\u0438\u043d\u0430","is_enabled_in_search":"1","position":"0","sort_method":"","operation":"","is_reverse":"0","slider_number_format":"0 \u0441\u043c.","slider_manual_entry":"1","slider_number_format2":"0","slider_threshold":"0","slider_use_existing_values":"0","slider_decimal_digits":"0","slider_decimal_digits2":"0","range_step":"0.0000","thousand_separator":"0"}
2014-11-04T15:28:14+00:00 DEBUG (7): UPDATE: {"id":"14","global_id":"14","store_id":"1","_m_prevent_replication":true,"is_enabled":"1","display":"list","name":"\u0425\u043b\u043e\u0440\u0433\u0435\u043d\u0435\u0440\u0430\u0442\u043e\u0440","is_enabled_in_search":"1","position":"0","sort_method":"","operation":"","is_reverse":"0","slider_number_format":"$0","slider_manual_entry":"0","slider_number_format2":"0","slider_threshold":null,"slider_use_existing_values":"0","slider_decimal_digits":"0","slider_decimal_digits2":"0","range_step":"0.0000","thousand_separator":"0"}
2014-11-04T15:28:14+00:00 DEBUG (7): UPDATE: {"id":"15","global_id":"15","store_id":"1","_m_prevent_replication":true,"is_enabled":"1","display":"list","name":"\u0422\u0438\u043f \u0424\u0438\u043b\u044c\u0442\u0440\u0430","is_enabled_in_search":"1","position":"0","sort_method":"","operation":"","is_reverse":"0","slider_number_format":"$0","slider_manual_entry":"0","slider_number_format2":"0","slider_threshold":null,"slider_use_existing_values":"0","slider_decimal_digits":"0","slider_decimal_digits2":"0","range_step":"0.0000","thousand_separator":"0"}
2014-11-04T15:28:14+00:00 DEBUG (7): UPDATE: {"id":"16","global_id":"16","store_id":"1","_m_prevent_replication":true,"is_enabled":"1","display":"list","name":"\u0412\u043e\u0437\u0440\u0430\u0441\u0442","is_enabled_in_search":"1","position":"0","sort_method":"","operation":"","is_reverse":"0","slider_number_format":"$0","slider_manual_entry":"0","slider_number_format2":"0","slider_threshold":null,"slider_use_existing_values":"0","slider_decimal_digits":"0","slider_decimal_digits2":"0","range_step":"0.0000","thousand_separator":"0"}
2014-11-04T15:28:14+00:00 DEBUG (7): INSERT: SELECT DISTINCT `global`.`id` AS `global_id`, `core_store`.`store_id`, `global`.`is_enabled`, `global`.`display`, COALESCE(eav_attribute_label.value, global.name) AS `name`, `global`.`is_enabled_in_search`, `global`.`position`, `global`.`sort_method`, `global`.`operation`, `global`.`is_reverse`, `global`.`slider_number_format`, `global`.`slider_manual_entry`, `global`.`slider_number_format2`, `global`.`slider_threshold`, `global`.`slider_use_existing_values`, `global`.`slider_decimal_digits`, `global`.`slider_decimal_digits2`, `global`.`range_step`, `global`.`thousand_separator` FROM `m_filter2` AS `global`
 INNER JOIN `core_store`
 LEFT JOIN `m_filter2_store` AS `target` ON target.global_id = global.id AND target.store_id = core_store.store_id
 LEFT JOIN `eav_attribute` ON global.code = eav_attribute.attribute_code
 LEFT JOIN `eav_attribute_label` ON eav_attribute.attribute_id = eav_attribute_label.attribute_id AND target.store_id = eav_attribute_label.store_id WHERE (core_store.store_id <> 0) AND (target.id IS NULL)
2014-11-04T15:28:14+00:00 DEBUG (7): UPDATE: SELECT DISTINCT `target`.`id`, `target`.`option_id`, `target`.`filter_id`, `target`.`default_mask0`, `global_option_value`.`value_id`, `global_option_value`.`value` AS `name`, `eav_attribute_option`.`sort_order` AS `position` FROM `eav_attribute`
 INNER JOIN `eav_attribute_option` ON eav_attribute.attribute_id = eav_attribute_option.attribute_id
 INNER JOIN `m_filter2_value` AS `target` ON target.option_id = eav_attribute_option.option_id
 INNER JOIN `m_filter2` AS `parent` ON target.filter_id = parent.id
 LEFT JOIN `eav_attribute_option_value` AS `global_option_value` ON global_option_value.option_id = eav_attribute_option.option_id AND global_option_value.store_id = 0 WHERE (target.edit_status = 0)
2014-11-04T15:28:14+00:00 DEBUG (7): UPDATE: {"id":"17","option_id":"30","filter_id":"14","value_id":"207","_m_prevent_replication":true,"name":"\u041d\u0435\u0442","position":"0"}
2014-11-04T15:28:14+00:00 DEBUG (7): UPDATE: {"id":"18","option_id":"31","filter_id":"14","value_id":"205","_m_prevent_replication":true,"name":"\u0415\u0441\u0442\u044c","position":"0"}
2014-11-04T15:28:14+00:00 DEBUG (7): UPDATE: {"id":"19","option_id":"32","filter_id":"15","value_id":"231","_m_prevent_replication":true,"name":"\u041d\u0435\u0442","position":"1"}
2014-11-04T15:28:14+00:00 DEBUG (7): UPDATE: {"id":"20","option_id":"33","filter_id":"15","value_id":"229","_m_prevent_replication":true,"name":"\u041a\u0430\u0440\u0442\u0440\u0438\u0434\u0436\u043d\u044b\u0439","position":"0"}
2014-11-04T15:28:14+00:00 DEBUG (7): UPDATE: {"id":"21","option_id":"34","filter_id":"15","value_id":"233","_m_prevent_replication":true,"name":"\u041f\u0435\u0441\u0447\u0430\u043d\u044b\u0439","position":"2"}
2014-11-04T15:28:14+00:00 DEBUG (7): UPDATE: {"id":"23","option_id":"36","filter_id":"16","value_id":"227","_m_prevent_replication":true,"name":"7-9 \u043b\u0435\u0442","position":"0"}
2014-11-04T15:28:14+00:00 DEBUG (7): UPDATE: {"id":"24","option_id":"37","filter_id":"16","value_id":"225","_m_prevent_replication":true,"name":"3-6 \u043b\u0435\u0442","position":"0"}
2014-11-04T15:28:14+00:00 DEBUG (7): UPDATE: {"id":"25","option_id":"38","filter_id":"16","value_id":"223","_m_prevent_replication":true,"name":"1-3 \u0433\u043e\u0434\u0430","position":"0"}
2014-11-04T15:28:14+00:00 DEBUG (7): INSERT: SELECT DISTINCT `eav_attribute_option`.`option_id`, `parent`.`id` AS `filter_id`, `global_option_value`.`value_id`, `global_option_value`.`value` AS `name`, `eav_attribute_option`.`sort_order` AS `position` FROM `eav_attribute`
 INNER JOIN `eav_attribute_option` ON eav_attribute.attribute_id = eav_attribute_option.attribute_id
 INNER JOIN `m_filter2` AS `parent` ON eav_attribute.attribute_code = parent.code
 LEFT JOIN `eav_attribute_option_value` AS `global_option_value` ON global_option_value.option_id = eav_attribute_option.option_id AND global_option_value.store_id = 0
 LEFT JOIN `m_filter2_value` AS `target` ON target.option_id = eav_attribute_option.option_id WHERE (target.id IS NULL)
2014-11-04T15:28:14+00:00 DEBUG (7): UPDATE: SELECT DISTINCT `target`.`id`, `target`.`global_id`, `target`.`store_id`, `target`.`filter_id`, `target`.`default_mask0`, `global`.`option_id`, COALESCE(store_option_value.value_id, global_option_value.value_id) AS `value_id`, COALESCE(store_option_value.value, global_option_value.value, '') AS `name`, `global`.`position` FROM `m_filter2_value` AS `global`
 INNER JOIN `m_filter2_value_store` AS `target` ON target.global_id = global.id AND global.edit_status = 0
 INNER JOIN `eav_attribute_option` ON global.option_id = eav_attribute_option.option_id
 INNER JOIN `m_filter2_store` AS `parent` ON target.filter_id = parent.id
 LEFT JOIN `eav_attribute_option_value` AS `global_option_value` ON global_option_value.option_id = eav_attribute_option.option_id AND global_option_value.store_id = 0
 LEFT JOIN `eav_attribute_option_value` AS `store_option_value` ON store_option_value.option_id = eav_attribute_option.option_id AND store_option_value.store_id = target.store_id WHERE (target.edit_status = 0)
2014-11-04T15:28:14+00:00 DEBUG (7): UPDATE: {"id":"17","global_id":"17","store_id":"1","filter_id":"14","option_id":"30","value_id":"208","_m_prevent_replication":true,"name":"\u041d\u0435\u0442","position":"0"}
2014-11-04T15:28:14+00:00 DEBUG (7): UPDATE: {"id":"18","global_id":"18","store_id":"1","filter_id":"14","option_id":"31","value_id":"206","_m_prevent_replication":true,"name":"\u0415\u0441\u0442\u044c","position":"0"}
2014-11-04T15:28:14+00:00 DEBUG (7): UPDATE: {"id":"19","global_id":"19","store_id":"1","filter_id":"15","option_id":"32","value_id":"232","_m_prevent_replication":true,"name":"\u041d\u0435\u0442","position":"1"}
2014-11-04T15:28:14+00:00 DEBUG (7): UPDATE: {"id":"20","global_id":"20","store_id":"1","filter_id":"15","option_id":"33","value_id":"230","_m_prevent_replication":true,"name":"\u041a\u0430\u0440\u0442\u0440\u0438\u0434\u0436\u043d\u044b\u0439","position":"0"}
2014-11-04T15:28:14+00:00 DEBUG (7): UPDATE: {"id":"21","global_id":"21","store_id":"1","filter_id":"15","option_id":"34","value_id":"234","_m_prevent_replication":true,"name":"\u041f\u0435\u0441\u0447\u0430\u043d\u044b\u0439","position":"2"}
2014-11-04T15:28:14+00:00 DEBUG (7): UPDATE: {"id":"23","global_id":"23","store_id":"1","filter_id":"16","option_id":"36","value_id":"228","_m_prevent_replication":true,"name":"7-9 \u043b\u0435\u0442","position":"0"}
2014-11-04T15:28:14+00:00 DEBUG (7): UPDATE: {"id":"24","global_id":"24","store_id":"1","filter_id":"16","option_id":"37","value_id":"226","_m_prevent_replication":true,"name":"3-6 \u043b\u0435\u0442","position":"0"}
2014-11-04T15:28:14+00:00 DEBUG (7): UPDATE: {"id":"25","global_id":"25","store_id":"1","filter_id":"16","option_id":"38","value_id":"224","_m_prevent_replication":true,"name":"1-3 \u0433\u043e\u0434\u0430","position":"0"}
2014-11-04T15:28:14+00:00 DEBUG (7): INSERT: SELECT DISTINCT `global`.`id` AS `global_id`, `core_store`.`store_id`, `parent`.`id` AS `filter_id`, `global`.`option_id`, COALESCE(store_option_value.value_id, global_option_value.value_id) AS `value_id`, COALESCE(store_option_value.value, global_option_value.value, '') AS `name`, `global`.`position` FROM `m_filter2_value` AS `global`
 INNER JOIN `core_store`
 INNER JOIN `eav_attribute_option` ON global.option_id = eav_attribute_option.option_id
 INNER JOIN `eav_attribute` ON eav_attribute.attribute_id = eav_attribute_option.attribute_id
 INNER JOIN `m_filter2` AS `parent_global` ON eav_attribute.attribute_code = parent_global.code
 INNER JOIN `m_filter2_store` AS `parent` ON parent_global.id = parent.global_id AND core_store.store_id = parent.store_id
 LEFT JOIN `eav_attribute_option_value` AS `global_option_value` ON global_option_value.option_id = eav_attribute_option.option_id AND global_option_value.store_id = 0
 LEFT JOIN `eav_attribute_option_value` AS `store_option_value` ON store_option_value.option_id = eav_attribute_option.option_id AND store_option_value.store_id = core_store.store_id
 LEFT JOIN `m_filter2_value_store` AS `target` ON target.global_id = global.id AND target.store_id = core_store.store_id WHERE (core_store.store_id <> 0) AND (global.edit_status = 0) AND (target.id IS NULL)
2014-11-04T15:31:48+00:00 DEBUG (7): UPDATE: SELECT DISTINCT `target`.`id`, `target`.`code`, `target`.`type`, `target`.`default_mask0`, `target`.`default_mask1`, `eav_attribute_additional`.`is_filterable` AS `is_enabled`, `eav_attribute`.`frontend_label` AS `name`, `eav_attribute_additional`.`is_filterable_in_search` AS `is_enabled_in_search`, `eav_attribute_additional`.`position` FROM `eav_attribute`
 INNER JOIN `catalog_eav_attribute` AS `eav_attribute_additional` ON eav_attribute.attribute_id = eav_attribute_additional.attribute_id
 INNER JOIN `eav_entity_type` ON eav_attribute.entity_type_id = eav_entity_type.entity_type_id
 INNER JOIN `m_filter2` AS `target` ON target.code = eav_attribute.attribute_code WHERE (eav_entity_type.entity_type_code = 'catalog_product') AND (eav_attribute_additional.is_filterable <> 0)
2014-11-04T15:31:48+00:00 DEBUG (7): UPDATE: {"id":"1","code":"color","type":"attribute","_m_prevent_replication":true,"is_enabled":"1","display":"slider","name":"Color","is_enabled_in_search":"0","position":"0","sort_method":"","slider_number_format":"$0","range_step":0}
2014-11-04T15:31:48+00:00 DEBUG (7): UPDATE: {"id":"6","code":"manufacturer","type":"attribute","_m_prevent_replication":true,"is_enabled":"1","display":"slider","name":"Manufacturer","is_enabled_in_search":"0","position":"0","sort_method":"","slider_number_format":"$0","range_step":0}
2014-11-04T15:31:48+00:00 DEBUG (7): UPDATE: {"id":"7","code":"price","type":"price","_m_prevent_replication":true,"is_enabled":"1","display":"slider","name":"\u0426\u0435\u043d\u0430","is_enabled_in_search":"0","position":"0","sort_method":"","slider_number_format":"$0","range_step":0}
2014-11-04T15:31:48+00:00 DEBUG (7): UPDATE: {"id":"10","code":"diametr_test","type":"decimal","_m_prevent_replication":true,"position":"0","sort_method":"","range_step":0}
2014-11-04T15:31:48+00:00 DEBUG (7): UPDATE: {"id":"11","code":"high_test","type":"decimal","_m_prevent_replication":true,"position":"0","sort_method":"","range_step":0}
2014-11-04T15:31:48+00:00 DEBUG (7): UPDATE: {"id":"12","code":"length_test","type":"decimal","_m_prevent_replication":true,"is_enabled":"1","display":"slider","name":"\u0414\u043b\u0438\u043d\u0430","is_enabled_in_search":"1","position":"0","sort_method":"","range_step":0}
2014-11-04T15:31:48+00:00 DEBUG (7): UPDATE: {"id":"13","code":"width_test","type":"decimal","_m_prevent_replication":true,"is_enabled":"1","display":"slider","name":"\u0428\u0438\u0440\u0438\u043d\u0430","is_enabled_in_search":"1","position":"0","sort_method":"","range_step":0}
2014-11-04T15:31:48+00:00 DEBUG (7): UPDATE: {"id":"14","code":"chlorgen","type":"attribute","_m_prevent_replication":true,"position":"0","sort_method":"","range_step":0}
2014-11-04T15:31:48+00:00 DEBUG (7): UPDATE: {"id":"15","code":"filter_yesno","type":"attribute","_m_prevent_replication":true,"position":"0","sort_method":"","range_step":0}
2014-11-04T15:31:48+00:00 DEBUG (7): UPDATE: {"id":"16","code":"vozrast","type":"attribute","_m_prevent_replication":true,"position":"0","sort_method":"","range_step":0}
2014-11-04T15:31:48+00:00 DEBUG (7): UPDATE: SELECT `target`.`id`, `target`.`code`, `target`.`type`, `target`.`default_mask0`, `target`.`default_mask1`, (1) AS `is_enabled`, ('Category') AS `name`, (1) AS `is_enabled_in_search`, (-1) AS `position` FROM `m_filter2` AS `target` WHERE (target.code = 'category')
2014-11-04T15:31:48+00:00 DEBUG (7): UPDATE: {"id":"9","code":"category","type":"category","_m_prevent_replication":true,"is_enabled":"1","display":"standard","name":"Category","is_enabled_in_search":"1","position":"-1","sort_method":"","slider_number_format":"$0","range_step":0}
2014-11-04T15:31:48+00:00 DEBUG (7): INSERT: SELECT DISTINCT `eav_attribute`.`attribute_code` AS `code`, IF(eav_attribute.attribute_code = 'category', 'category', IF(eav_attribute.attribute_code = 'price', 'price', IF(eav_attribute.backend_type = 'decimal', 'decimal', 'attribute'))) AS `type`, `eav_attribute_additional`.`is_filterable` AS `is_enabled`, `eav_attribute`.`frontend_label` AS `name`, `eav_attribute_additional`.`is_filterable_in_search` AS `is_enabled_in_search`, `eav_attribute_additional`.`position` FROM `eav_attribute`
 INNER JOIN `catalog_eav_attribute` AS `eav_attribute_additional` ON eav_attribute.attribute_id = eav_attribute_additional.attribute_id
 INNER JOIN `eav_entity_type` ON eav_attribute.entity_type_id = eav_entity_type.entity_type_id
 LEFT JOIN `m_filter2` AS `target` ON target.code = eav_attribute.attribute_code WHERE (eav_entity_type.entity_type_code = 'catalog_product') AND (eav_attribute_additional.is_filterable <> 0) AND (target.id IS NULL)
2014-11-04T15:31:48+00:00 DEBUG (7): INSERT: SELECT ('category') AS `code`, ('category') AS `type`, (1) AS `is_enabled`, ('Category') AS `name`, (1) AS `is_enabled_in_search`, (-1) AS `position` FROM (SELECT ('category') AS `code`) AS `source`
 LEFT JOIN `m_filter2` AS `target` ON target.code = 'category' WHERE (target.id IS NULL)
2014-11-04T15:31:48+00:00 DEBUG (7): DELETE: SELECT DISTINCT `target`.`id` FROM `m_filter2` AS `target`
 LEFT JOIN `eav_attribute` ON target.code = eav_attribute.attribute_code
 LEFT JOIN `catalog_eav_attribute` AS `eav_attribute_additional` ON eav_attribute.attribute_id = eav_attribute_additional.attribute_id WHERE ((eav_attribute.attribute_id IS NULL) OR (eav_attribute_additional.is_filterable = 0)) AND (target.code <> 'category')
2014-11-04T15:31:48+00:00 DEBUG (7): UPDATE: SELECT DISTINCT `target`.`id`, `target`.`global_id`, `target`.`store_id`, `target`.`default_mask0`, `target`.`default_mask1`, `global`.`is_enabled`, `global`.`display`, COALESCE(eav_attribute_label.value, global.name) AS `name`, `global`.`is_enabled_in_search`, `global`.`position`, `global`.`sort_method`, `global`.`operation`, `global`.`is_reverse`, `global`.`slider_number_format`, `global`.`slider_manual_entry`, `global`.`slider_number_format2`, `global`.`slider_threshold`, `global`.`slider_use_existing_values`, `global`.`slider_decimal_digits`, `global`.`slider_decimal_digits2`, `global`.`range_step`, `global`.`thousand_separator` FROM `m_filter2` AS `global`
 INNER JOIN `m_filter2_store` AS `target` ON target.global_id = global.id
 LEFT JOIN `eav_attribute` ON global.code = eav_attribute.attribute_code
 LEFT JOIN `eav_attribute_label` ON eav_attribute.attribute_id = eav_attribute_label.attribute_id AND target.store_id = eav_attribute_label.store_id
2014-11-04T15:31:48+00:00 DEBUG (7): UPDATE: {"id":"1","global_id":"1","store_id":"1","_m_prevent_replication":true,"is_enabled":"1","display":"slider","name":"Color","is_enabled_in_search":"0","position":"0","sort_method":"","operation":"","is_reverse":"0","slider_number_format":"$0","slider_manual_entry":"0","slider_number_format2":"0","slider_threshold":null,"slider_use_existing_values":"0","slider_decimal_digits":"0","slider_decimal_digits2":"0","range_step":"0.0000","thousand_separator":"0"}
2014-11-04T15:31:48+00:00 DEBUG (7): UPDATE: {"id":"6","global_id":"6","store_id":"1","_m_prevent_replication":true,"is_enabled":"1","display":"slider","name":"Manufacturer","is_enabled_in_search":"0","position":"0","sort_method":"","operation":"","is_reverse":"0","slider_number_format":"$0","slider_manual_entry":"0","slider_number_format2":"0","slider_threshold":null,"slider_use_existing_values":"0","slider_decimal_digits":"0","slider_decimal_digits2":"0","range_step":"0.0000","thousand_separator":"0"}
2014-11-04T15:31:48+00:00 DEBUG (7): UPDATE: {"id":"7","global_id":"7","store_id":"1","_m_prevent_replication":true,"is_enabled":"1","display":"slider","name":"\u0426\u0435\u043d\u0430","is_enabled_in_search":"0","position":"0","sort_method":"","operation":"","is_reverse":"0","slider_number_format":"$0","slider_manual_entry":"1","slider_number_format2":"0","slider_threshold":"0","slider_use_existing_values":"0","slider_decimal_digits":"0","slider_decimal_digits2":"0","range_step":"0.0000","thousand_separator":"0"}
2014-11-04T15:31:48+00:00 DEBUG (7): UPDATE: {"id":"9","global_id":"9","store_id":"1","_m_prevent_replication":true,"is_enabled":"1","display":"standard","name":"Category","is_enabled_in_search":"1","position":"-1","sort_method":"","operation":"","is_reverse":"0","slider_number_format":"$0","slider_manual_entry":"0","slider_number_format2":"0","slider_threshold":null,"slider_use_existing_values":"0","slider_decimal_digits":"0","slider_decimal_digits2":"0","range_step":"0.0000","thousand_separator":"0"}
2014-11-04T15:31:48+00:00 DEBUG (7): UPDATE: {"id":"10","global_id":"10","store_id":"1","_m_prevent_replication":true,"is_enabled":"1","display":"slider","name":"\u0414\u0438\u0430\u043c\u0435\u0442\u0440","is_enabled_in_search":"1","position":"0","sort_method":"","operation":"","is_reverse":"1","slider_number_format":"0 \u0441\u043c.","slider_manual_entry":"1","slider_number_format2":"0","slider_threshold":"0","slider_use_existing_values":"1","slider_decimal_digits":"0","slider_decimal_digits2":"0","range_step":"0.0000","thousand_separator":"0"}
2014-11-04T15:31:48+00:00 DEBUG (7): UPDATE: {"id":"11","global_id":"11","store_id":"1","_m_prevent_replication":true,"is_enabled":"1","display":"slider","name":"\u0412\u044b\u0441\u043e\u0442\u0430","is_enabled_in_search":"1","position":"0","sort_method":"","operation":"","is_reverse":"0","slider_number_format":"0 \u0441\u043c.","slider_manual_entry":"1","slider_number_format2":"0","slider_threshold":"0","slider_use_existing_values":"1","slider_decimal_digits":"0","slider_decimal_digits2":"0","range_step":"0.0000","thousand_separator":"0"}
2014-11-04T15:31:48+00:00 DEBUG (7): UPDATE: {"id":"12","global_id":"12","store_id":"1","_m_prevent_replication":true,"is_enabled":"1","display":"slider","name":"\u0414\u043b\u0438\u043d\u0430","is_enabled_in_search":"1","position":"0","sort_method":"","operation":"","is_reverse":"0","slider_number_format":"0 \u0441\u043c.","slider_manual_entry":"1","slider_number_format2":"0","slider_threshold":"0","slider_use_existing_values":"0","slider_decimal_digits":"0","slider_decimal_digits2":"0","range_step":"0.0000","thousand_separator":"0"}
2014-11-04T15:31:48+00:00 DEBUG (7): UPDATE: {"id":"13","global_id":"13","store_id":"1","_m_prevent_replication":true,"is_enabled":"1","display":"slider","name":"\u0428\u0438\u0440\u0438\u043d\u0430","is_enabled_in_search":"1","position":"0","sort_method":"","operation":"","is_reverse":"0","slider_number_format":"0 \u0441\u043c.","slider_manual_entry":"1","slider_number_format2":"0","slider_threshold":"0","slider_use_existing_values":"0","slider_decimal_digits":"0","slider_decimal_digits2":"0","range_step":"0.0000","thousand_separator":"0"}
2014-11-04T15:31:48+00:00 DEBUG (7): UPDATE: {"id":"14","global_id":"14","store_id":"1","_m_prevent_replication":true,"is_enabled":"1","display":"list","name":"\u0425\u043b\u043e\u0440\u0433\u0435\u043d\u0435\u0440\u0430\u0442\u043e\u0440","is_enabled_in_search":"1","position":"0","sort_method":"","operation":"","is_reverse":"0","slider_number_format":"$0","slider_manual_entry":"0","slider_number_format2":"0","slider_threshold":null,"slider_use_existing_values":"0","slider_decimal_digits":"0","slider_decimal_digits2":"0","range_step":"0.0000","thousand_separator":"0"}
2014-11-04T15:31:48+00:00 DEBUG (7): UPDATE: {"id":"15","global_id":"15","store_id":"1","_m_prevent_replication":true,"is_enabled":"1","display":"list","name":"\u0422\u0438\u043f \u0424\u0438\u043b\u044c\u0442\u0440\u0430","is_enabled_in_search":"1","position":"0","sort_method":"","operation":"","is_reverse":"0","slider_number_format":"$0","slider_manual_entry":"0","slider_number_format2":"0","slider_threshold":null,"slider_use_existing_values":"0","slider_decimal_digits":"0","slider_decimal_digits2":"0","range_step":"0.0000","thousand_separator":"0"}
2014-11-04T15:31:48+00:00 DEBUG (7): UPDATE: {"id":"16","global_id":"16","store_id":"1","_m_prevent_replication":true,"is_enabled":"1","display":"list","name":"\u0412\u043e\u0437\u0440\u0430\u0441\u0442","is_enabled_in_search":"1","position":"0","sort_method":"","operation":"","is_reverse":"0","slider_number_format":"$0","slider_manual_entry":"0","slider_number_format2":"0","slider_threshold":null,"slider_use_existing_values":"0","slider_decimal_digits":"0","slider_decimal_digits2":"0","range_step":"0.0000","thousand_separator":"0"}
2014-11-04T15:31:48+00:00 DEBUG (7): INSERT: SELECT DISTINCT `global`.`id` AS `global_id`, `core_store`.`store_id`, `global`.`is_enabled`, `global`.`display`, COALESCE(eav_attribute_label.value, global.name) AS `name`, `global`.`is_enabled_in_search`, `global`.`position`, `global`.`sort_method`, `global`.`operation`, `global`.`is_reverse`, `global`.`slider_number_format`, `global`.`slider_manual_entry`, `global`.`slider_number_format2`, `global`.`slider_threshold`, `global`.`slider_use_existing_values`, `global`.`slider_decimal_digits`, `global`.`slider_decimal_digits2`, `global`.`range_step`, `global`.`thousand_separator` FROM `m_filter2` AS `global`
 INNER JOIN `core_store`
 LEFT JOIN `m_filter2_store` AS `target` ON target.global_id = global.id AND target.store_id = core_store.store_id
 LEFT JOIN `eav_attribute` ON global.code = eav_attribute.attribute_code
 LEFT JOIN `eav_attribute_label` ON eav_attribute.attribute_id = eav_attribute_label.attribute_id AND target.store_id = eav_attribute_label.store_id WHERE (core_store.store_id <> 0) AND (target.id IS NULL)
2014-11-04T15:31:48+00:00 DEBUG (7): UPDATE: SELECT DISTINCT `target`.`id`, `target`.`option_id`, `target`.`filter_id`, `target`.`default_mask0`, `global_option_value`.`value_id`, `global_option_value`.`value` AS `name`, `eav_attribute_option`.`sort_order` AS `position` FROM `eav_attribute`
 INNER JOIN `eav_attribute_option` ON eav_attribute.attribute_id = eav_attribute_option.attribute_id
 INNER JOIN `m_filter2_value` AS `target` ON target.option_id = eav_attribute_option.option_id
 INNER JOIN `m_filter2` AS `parent` ON target.filter_id = parent.id
 LEFT JOIN `eav_attribute_option_value` AS `global_option_value` ON global_option_value.option_id = eav_attribute_option.option_id AND global_option_value.store_id = 0 WHERE (target.edit_status = 0)
2014-11-04T15:31:48+00:00 DEBUG (7): UPDATE: {"id":"17","option_id":"30","filter_id":"14","value_id":"207","_m_prevent_replication":true,"name":"\u041d\u0435\u0442","position":"0"}
2014-11-04T15:31:48+00:00 DEBUG (7): UPDATE: {"id":"18","option_id":"31","filter_id":"14","value_id":"205","_m_prevent_replication":true,"name":"\u0415\u0441\u0442\u044c","position":"0"}
2014-11-04T15:31:48+00:00 DEBUG (7): UPDATE: {"id":"19","option_id":"32","filter_id":"15","value_id":"231","_m_prevent_replication":true,"name":"\u041d\u0435\u0442","position":"1"}
2014-11-04T15:31:48+00:00 DEBUG (7): UPDATE: {"id":"20","option_id":"33","filter_id":"15","value_id":"229","_m_prevent_replication":true,"name":"\u041a\u0430\u0440\u0442\u0440\u0438\u0434\u0436\u043d\u044b\u0439","position":"0"}
2014-11-04T15:31:48+00:00 DEBUG (7): UPDATE: {"id":"21","option_id":"34","filter_id":"15","value_id":"233","_m_prevent_replication":true,"name":"\u041f\u0435\u0441\u0447\u0430\u043d\u044b\u0439","position":"2"}
2014-11-04T15:31:48+00:00 DEBUG (7): UPDATE: {"id":"23","option_id":"36","filter_id":"16","value_id":"227","_m_prevent_replication":true,"name":"7-9 \u043b\u0435\u0442","position":"0"}
2014-11-04T15:31:48+00:00 DEBUG (7): UPDATE: {"id":"24","option_id":"37","filter_id":"16","value_id":"225","_m_prevent_replication":true,"name":"3-6 \u043b\u0435\u0442","position":"0"}
2014-11-04T15:31:48+00:00 DEBUG (7): UPDATE: {"id":"25","option_id":"38","filter_id":"16","value_id":"223","_m_prevent_replication":true,"name":"1-3 \u0433\u043e\u0434\u0430","position":"0"}
2014-11-04T15:31:48+00:00 DEBUG (7): INSERT: SELECT DISTINCT `eav_attribute_option`.`option_id`, `parent`.`id` AS `filter_id`, `global_option_value`.`value_id`, `global_option_value`.`value` AS `name`, `eav_attribute_option`.`sort_order` AS `position` FROM `eav_attribute`
 INNER JOIN `eav_attribute_option` ON eav_attribute.attribute_id = eav_attribute_option.attribute_id
 INNER JOIN `m_filter2` AS `parent` ON eav_attribute.attribute_code = parent.code
 LEFT JOIN `eav_attribute_option_value` AS `global_option_value` ON global_option_value.option_id = eav_attribute_option.option_id AND global_option_value.store_id = 0
 LEFT JOIN `m_filter2_value` AS `target` ON target.option_id = eav_attribute_option.option_id WHERE (target.id IS NULL)
2014-11-04T15:31:48+00:00 DEBUG (7): UPDATE: SELECT DISTINCT `target`.`id`, `target`.`global_id`, `target`.`store_id`, `target`.`filter_id`, `target`.`default_mask0`, `global`.`option_id`, COALESCE(store_option_value.value_id, global_option_value.value_id) AS `value_id`, COALESCE(store_option_value.value, global_option_value.value, '') AS `name`, `global`.`position` FROM `m_filter2_value` AS `global`
 INNER JOIN `m_filter2_value_store` AS `target` ON target.global_id = global.id AND global.edit_status = 0
 INNER JOIN `eav_attribute_option` ON global.option_id = eav_attribute_option.option_id
 INNER JOIN `m_filter2_store` AS `parent` ON target.filter_id = parent.id
 LEFT JOIN `eav_attribute_option_value` AS `global_option_value` ON global_option_value.option_id = eav_attribute_option.option_id AND global_option_value.store_id = 0
 LEFT JOIN `eav_attribute_option_value` AS `store_option_value` ON store_option_value.option_id = eav_attribute_option.option_id AND store_option_value.store_id = target.store_id WHERE (target.edit_status = 0)
2014-11-04T15:31:48+00:00 DEBUG (7): UPDATE: {"id":"17","global_id":"17","store_id":"1","filter_id":"14","option_id":"30","value_id":"208","_m_prevent_replication":true,"name":"\u041d\u0435\u0442","position":"0"}
2014-11-04T15:31:48+00:00 DEBUG (7): UPDATE: {"id":"18","global_id":"18","store_id":"1","filter_id":"14","option_id":"31","value_id":"206","_m_prevent_replication":true,"name":"\u0415\u0441\u0442\u044c","position":"0"}
2014-11-04T15:31:48+00:00 DEBUG (7): UPDATE: {"id":"19","global_id":"19","store_id":"1","filter_id":"15","option_id":"32","value_id":"232","_m_prevent_replication":true,"name":"\u041d\u0435\u0442","position":"1"}
2014-11-04T15:31:48+00:00 DEBUG (7): UPDATE: {"id":"20","global_id":"20","store_id":"1","filter_id":"15","option_id":"33","value_id":"230","_m_prevent_replication":true,"name":"\u041a\u0430\u0440\u0442\u0440\u0438\u0434\u0436\u043d\u044b\u0439","position":"0"}
2014-11-04T15:31:48+00:00 DEBUG (7): UPDATE: {"id":"21","global_id":"21","store_id":"1","filter_id":"15","option_id":"34","value_id":"234","_m_prevent_replication":true,"name":"\u041f\u0435\u0441\u0447\u0430\u043d\u044b\u0439","position":"2"}
2014-11-04T15:31:48+00:00 DEBUG (7): UPDATE: {"id":"23","global_id":"23","store_id":"1","filter_id":"16","option_id":"36","value_id":"228","_m_prevent_replication":true,"name":"7-9 \u043b\u0435\u0442","position":"0"}
2014-11-04T15:31:48+00:00 DEBUG (7): UPDATE: {"id":"24","global_id":"24","store_id":"1","filter_id":"16","option_id":"37","value_id":"226","_m_prevent_replication":true,"name":"3-6 \u043b\u0435\u0442","position":"0"}
2014-11-04T15:31:48+00:00 DEBUG (7): UPDATE: {"id":"25","global_id":"25","store_id":"1","filter_id":"16","option_id":"38","value_id":"224","_m_prevent_replication":true,"name":"1-3 \u0433\u043e\u0434\u0430","position":"0"}
2014-11-04T15:31:48+00:00 DEBUG (7): INSERT: SELECT DISTINCT `global`.`id` AS `global_id`, `core_store`.`store_id`, `parent`.`id` AS `filter_id`, `global`.`option_id`, COALESCE(store_option_value.value_id, global_option_value.value_id) AS `value_id`, COALESCE(store_option_value.value, global_option_value.value, '') AS `name`, `global`.`position` FROM `m_filter2_value` AS `global`
 INNER JOIN `core_store`
 INNER JOIN `eav_attribute_option` ON global.option_id = eav_attribute_option.option_id
 INNER JOIN `eav_attribute` ON eav_attribute.attribute_id = eav_attribute_option.attribute_id
 INNER JOIN `m_filter2` AS `parent_global` ON eav_attribute.attribute_code = parent_global.code
 INNER JOIN `m_filter2_store` AS `parent` ON parent_global.id = parent.global_id AND core_store.store_id = parent.store_id
 LEFT JOIN `eav_attribute_option_value` AS `global_option_value` ON global_option_value.option_id = eav_attribute_option.option_id AND global_option_value.store_id = 0
 LEFT JOIN `eav_attribute_option_value` AS `store_option_value` ON store_option_value.option_id = eav_attribute_option.option_id AND store_option_value.store_id = core_store.store_id
 LEFT JOIN `m_filter2_value_store` AS `target` ON target.global_id = global.id AND target.store_id = core_store.store_id WHERE (core_store.store_id <> 0) AND (global.edit_status = 0) AND (target.id IS NULL)
